10:44:20.401 INFO  [main][SpringBootTestContextBootstrapper.buildDefaultMergedContextConfiguration(AbstractTestContextBootstrapper.java:305)] Neither @ContextConfiguration nor @ContextHierarchy found for test class [com.example.demo_project.RegisterTest], using SpringBootContextLoader
10:44:20.408 INFO  [main][AbstractContextLoader.generateDefaultLocations(AbstractContextLoader.java:264)] Could not detect default resource locations for test class [com.example.demo_project.RegisterTest]: no resource found for suffixes {-context.xml, Context.groovy}.
10:44:20.410 INFO  [main][AnnotationConfigContextLoaderUtils.detectDefaultConfigurationClasses(AnnotationConfigContextLoaderUtils.java:83)] Could not detect default configuration classes for test class [com.example.demo_project.RegisterTest]: RegisterTest does not declare any static, non-private, non-final, nested classes annotated with @Configuration.
10:44:20.620 INFO  [main][SpringBootTestContextBootstrapper.getOrFindConfigurationClasses(SpringBootTestContextBootstrapper.java:238)] Found @SpringBootConfiguration com.example.demo_project.DemoProjectApplication for test class com.example.demo_project.RegisterTest
10:44:20.770 INFO  [main][SpringBootTestContextBootstrapper.getDefaultTestExecutionListenerClassNames(AbstractTestContextBootstrapper.java:245)] Loaded default TestExecutionListener class names from location [META-INF/spring.factories]: [org.springframework.boot.test.autoconfigure.restdocs.RestDocsTestExecutionListener, org.springframework.boot.test.autoconfigure.web.client.MockRestServiceServerResetTestExecutionListener, org.springframework.boot.test.autoconfigure.web.servlet.MockMvcPrintOnlyOnFailureTestExecutionListener, org.springframework.boot.test.autoconfigure.web.servlet.WebDriverTestExecutionListener, org.springframework.boot.test.autoconfigure.webservices.client.MockWebServiceServerTestExecutionListener, org.springframework.boot.test.mock.mockito.MockitoTestExecutionListener, org.springframework.boot.test.mock.mockito.ResetMocksTestExecutionListener, org.springframework.test.context.web.ServletTestExecutionListener, org.springframework.test.context.support.DirtiesContextBeforeModesTestExecutionListener, org.springframework.test.context.event.ApplicationEventsTestExecutionListener, org.springframework.test.context.support.DependencyInjectionTestExecutionListener, org.springframework.test.context.support.DirtiesContextTestExecutionListener, org.springframework.test.context.transaction.TransactionalTestExecutionListener, org.springframework.test.context.jdbc.SqlScriptsTestExecutionListener, org.springframework.test.context.event.EventPublishingTestExecutionListener]
10:44:20.788 INFO  [main][SpringBootTestContextBootstrapper.getTestExecutionListeners(AbstractTestContextBootstrapper.java:174)] Using TestExecutionListeners: [org.springframework.test.context.web.ServletTestExecutionListener@625e134e, org.springframework.test.context.support.DirtiesContextBeforeModesTestExecutionListener@72bd06ca, org.springframework.test.context.event.ApplicationEventsTestExecutionListener@89c10b7, org.springframework.boot.test.mock.mockito.MockitoTestExecutionListener@5dbe30be, org.springframework.boot.test.autoconfigure.SpringBootDependencyInjectionTestExecutionListener@4fe89c24, org.springframework.test.context.support.DirtiesContextTestExecutionListener@55795845, org.springframework.test.context.transaction.TransactionalTestExecutionListener@3d08f3f5, org.springframework.test.context.jdbc.SqlScriptsTestExecutionListener@119f1f2a, org.springframework.test.context.event.EventPublishingTestExecutionListener@1a1da881, org.springframework.boot.test.autoconfigure.restdocs.RestDocsTestExecutionListener@5b970f7, org.springframework.boot.test.autoconfigure.web.client.MockRestServiceServerResetTestExecutionListener@7fd4acee, org.springframework.boot.test.autoconfigure.web.servlet.MockMvcPrintOnlyOnFailureTestExecutionListener@165b8a71, org.springframework.boot.test.autoconfigure.web.servlet.WebDriverTestExecutionListener@6175619b, org.springframework.boot.test.autoconfigure.webservices.client.MockWebServiceServerTestExecutionListener@2f058b8a, org.springframework.boot.test.mock.mockito.ResetMocksTestExecutionListener@756cf158]
10:44:21.984 INFO  [main][RegisterTest.logStarting(StartupInfoLogger.java:55)] Starting RegisterTest using Java 17.0.2 on LAPTOP-QLMMS84C with PID 1264 (started by roger in D:\java_project\demo_project)
10:44:21.985 INFO  [main][RegisterTest.logStartupProfileInfo(SpringApplication.java:645)] No active profile set, falling back to 1 default profile: "default"
10:44:23.293 INFO  [main][RepositoryConfigurationDelegate.registerRepositoriesIn(RepositoryConfigurationDelegate.java:132)] Bootstrapping Spring Data JPA repositories in DEFAULT mode.
10:44:23.386 INFO  [main][RepositoryConfigurationDelegate.registerRepositoriesIn(RepositoryConfigurationDelegate.java:201)] Finished Spring Data repository scanning in 83 ms. Found 8 JPA repository interfaces.
10:44:23.845 INFO  [main][HikariDataSource.getConnection(HikariDataSource.java:110)] HikariPool-1 - Starting...
10:44:24.109 INFO  [main][HikariDataSource.getConnection(HikariDataSource.java:123)] HikariPool-1 - Start completed.
10:44:24.372 INFO  [main][LogHelper.logPersistenceUnitInformation(LogHelper.java:31)] HHH000204: Processing PersistenceUnitInfo [name: default]
10:44:24.448 INFO  [main][Version.logVersion(Version.java:44)] HHH000412: Hibernate ORM core version 5.6.11.Final
10:44:24.649 INFO  [main][Version.<clinit>(JavaReflectionManager.java:56)] HCANN000001: Hibernate Commons Annotations {5.1.2.Final}
10:44:24.865 INFO  [main][Dialect.<init>(Dialect.java:175)] HHH000400: Using dialect: org.hibernate.dialect.MySQL8Dialect
10:44:25.144 WARN  [main][RootClass.checkCompositeIdentifier(RootClass.java:287)] HHH000038: Composite-id class does not override equals(): com.example.demo_project.entity.OrgCompanyId
10:44:25.144 WARN  [main][RootClass.checkCompositeIdentifier(RootClass.java:290)] HHH000039: Composite-id class does not override hashCode(): com.example.demo_project.entity.OrgCompanyId
10:44:25.497 INFO  [main][JtaPlatformInitiator.initiateService(JtaPlatformInitiator.java:52)] HHH000490: Using JtaPlatform implementation: [org.hibernate.engine.transaction.jta.platform.internal.NoJtaPlatform]
10:44:25.505 INFO  [main][LocalContainerEntityManagerFactoryBean.buildNativeEntityManagerFactory(AbstractEntityManagerFactoryBean.java:437)] Initialized JPA EntityManagerFactory for persistence unit 'default'
10:44:26.587 WARN  [main][JpaBaseConfiguration$JpaWebConfiguration.openEntityManagerInViewInterceptor(JpaBaseConfiguration.java:219)] spring.jpa.open-in-view is enabled by default. Therefore, database queries may be performed during view rendering. Explicitly configure spring.jpa.open-in-view to disable this warning
10:44:28.104 INFO  [main][RegisterTest.logStarted(StartupInfoLogger.java:61)] Started RegisterTest in 7.282 seconds (JVM running for 18.732)
10:44:28.140 INFO  [main][SpringBootMockServletContext.log(MockServletContext.java:455)] Initializing Spring TestDispatcherServlet ''
10:44:28.140 INFO  [main][TestDispatcherServlet.initServletBean(FrameworkServlet.java:525)] Initializing Servlet ''
10:44:28.142 INFO  [main][TestDispatcherServlet.initServletBean(FrameworkServlet.java:547)] Completed initialization in 1 ms
10:44:28.547 INFO  [SpringApplicationShutdownHook][LocalContainerEntityManagerFactoryBean.destroy(AbstractEntityManagerFactoryBean.java:651)] Closing JPA EntityManagerFactory for persistence unit 'default'
10:44:28.550 INFO  [SpringApplicationShutdownHook][HikariDataSource.close(HikariDataSource.java:350)] HikariPool-1 - Shutdown initiated...
10:44:28.562 INFO  [SpringApplicationShutdownHook][HikariDataSource.close(HikariDataSource.java:352)] HikariPool-1 - Shutdown completed.
10:45:40.030 INFO  [main][SpringBootTestContextBootstrapper.buildDefaultMergedContextConfiguration(AbstractTestContextBootstrapper.java:305)] Neither @ContextConfiguration nor @ContextHierarchy found for test class [com.example.demo_project.RegisterTest], using SpringBootContextLoader
10:45:40.036 INFO  [main][AbstractContextLoader.generateDefaultLocations(AbstractContextLoader.java:264)] Could not detect default resource locations for test class [com.example.demo_project.RegisterTest]: no resource found for suffixes {-context.xml, Context.groovy}.
10:45:40.039 INFO  [main][AnnotationConfigContextLoaderUtils.detectDefaultConfigurationClasses(AnnotationConfigContextLoaderUtils.java:83)] Could not detect default configuration classes for test class [com.example.demo_project.RegisterTest]: RegisterTest does not declare any static, non-private, non-final, nested classes annotated with @Configuration.
10:45:40.140 INFO  [main][SpringBootTestContextBootstrapper.getOrFindConfigurationClasses(SpringBootTestContextBootstrapper.java:238)] Found @SpringBootConfiguration com.example.demo_project.DemoProjectApplication for test class com.example.demo_project.RegisterTest
10:45:40.240 INFO  [main][SpringBootTestContextBootstrapper.getDefaultTestExecutionListenerClassNames(AbstractTestContextBootstrapper.java:245)] Loaded default TestExecutionListener class names from location [META-INF/spring.factories]: [org.springframework.boot.test.autoconfigure.restdocs.RestDocsTestExecutionListener, org.springframework.boot.test.autoconfigure.web.client.MockRestServiceServerResetTestExecutionListener, org.springframework.boot.test.autoconfigure.web.servlet.MockMvcPrintOnlyOnFailureTestExecutionListener, org.springframework.boot.test.autoconfigure.web.servlet.WebDriverTestExecutionListener, org.springframework.boot.test.autoconfigure.webservices.client.MockWebServiceServerTestExecutionListener, org.springframework.boot.test.mock.mockito.MockitoTestExecutionListener, org.springframework.boot.test.mock.mockito.ResetMocksTestExecutionListener, org.springframework.test.context.web.ServletTestExecutionListener, org.springframework.test.context.support.DirtiesContextBeforeModesTestExecutionListener, org.springframework.test.context.event.ApplicationEventsTestExecutionListener, org.springframework.test.context.support.DependencyInjectionTestExecutionListener, org.springframework.test.context.support.DirtiesContextTestExecutionListener, org.springframework.test.context.transaction.TransactionalTestExecutionListener, org.springframework.test.context.jdbc.SqlScriptsTestExecutionListener, org.springframework.test.context.event.EventPublishingTestExecutionListener]
10:45:40.258 INFO  [main][SpringBootTestContextBootstrapper.getTestExecutionListeners(AbstractTestContextBootstrapper.java:174)] Using TestExecutionListeners: [org.springframework.test.context.web.ServletTestExecutionListener@625e134e, org.springframework.test.context.support.DirtiesContextBeforeModesTestExecutionListener@72bd06ca, org.springframework.test.context.event.ApplicationEventsTestExecutionListener@89c10b7, org.springframework.boot.test.mock.mockito.MockitoTestExecutionListener@5dbe30be, org.springframework.boot.test.autoconfigure.SpringBootDependencyInjectionTestExecutionListener@4fe89c24, org.springframework.test.context.support.DirtiesContextTestExecutionListener@55795845, org.springframework.test.context.transaction.TransactionalTestExecutionListener@3d08f3f5, org.springframework.test.context.jdbc.SqlScriptsTestExecutionListener@119f1f2a, org.springframework.test.context.event.EventPublishingTestExecutionListener@1a1da881, org.springframework.boot.test.autoconfigure.restdocs.RestDocsTestExecutionListener@5b970f7, org.springframework.boot.test.autoconfigure.web.client.MockRestServiceServerResetTestExecutionListener@7fd4acee, org.springframework.boot.test.autoconfigure.web.servlet.MockMvcPrintOnlyOnFailureTestExecutionListener@165b8a71, org.springframework.boot.test.autoconfigure.web.servlet.WebDriverTestExecutionListener@6175619b, org.springframework.boot.test.autoconfigure.webservices.client.MockWebServiceServerTestExecutionListener@2f058b8a, org.springframework.boot.test.mock.mockito.ResetMocksTestExecutionListener@756cf158]
10:45:40.530 INFO  [main][RegisterTest.logStarting(StartupInfoLogger.java:55)] Starting RegisterTest using Java 17.0.2 on LAPTOP-QLMMS84C with PID 14468 (started by roger in D:\java_project\demo_project)
10:45:40.531 INFO  [main][RegisterTest.logStartupProfileInfo(SpringApplication.java:645)] No active profile set, falling back to 1 default profile: "default"
10:45:41.226 INFO  [main][RepositoryConfigurationDelegate.registerRepositoriesIn(RepositoryConfigurationDelegate.java:132)] Bootstrapping Spring Data JPA repositories in DEFAULT mode.
10:45:41.321 INFO  [main][RepositoryConfigurationDelegate.registerRepositoriesIn(RepositoryConfigurationDelegate.java:201)] Finished Spring Data repository scanning in 85 ms. Found 8 JPA repository interfaces.
10:45:41.772 INFO  [main][HikariDataSource.getConnection(HikariDataSource.java:110)] HikariPool-1 - Starting...
10:45:41.966 INFO  [main][HikariDataSource.getConnection(HikariDataSource.java:123)] HikariPool-1 - Start completed.
10:45:42.165 INFO  [main][LogHelper.logPersistenceUnitInformation(LogHelper.java:31)] HHH000204: Processing PersistenceUnitInfo [name: default]
10:45:42.223 INFO  [main][Version.logVersion(Version.java:44)] HHH000412: Hibernate ORM core version 5.6.11.Final
10:45:42.401 INFO  [main][Version.<clinit>(JavaReflectionManager.java:56)] HCANN000001: Hibernate Commons Annotations {5.1.2.Final}
10:45:42.560 INFO  [main][Dialect.<init>(Dialect.java:175)] HHH000400: Using dialect: org.hibernate.dialect.MySQL8Dialect
10:45:42.838 WARN  [main][RootClass.checkCompositeIdentifier(RootClass.java:287)] HHH000038: Composite-id class does not override equals(): com.example.demo_project.entity.OrgCompanyId
10:45:42.838 WARN  [main][RootClass.checkCompositeIdentifier(RootClass.java:290)] HHH000039: Composite-id class does not override hashCode(): com.example.demo_project.entity.OrgCompanyId
10:45:43.177 INFO  [main][JtaPlatformInitiator.initiateService(JtaPlatformInitiator.java:52)] HHH000490: Using JtaPlatform implementation: [org.hibernate.engine.transaction.jta.platform.internal.NoJtaPlatform]
10:45:43.186 INFO  [main][LocalContainerEntityManagerFactoryBean.buildNativeEntityManagerFactory(AbstractEntityManagerFactoryBean.java:437)] Initialized JPA EntityManagerFactory for persistence unit 'default'
10:45:44.198 WARN  [main][JpaBaseConfiguration$JpaWebConfiguration.openEntityManagerInViewInterceptor(JpaBaseConfiguration.java:219)] spring.jpa.open-in-view is enabled by default. Therefore, database queries may be performed during view rendering. Explicitly configure spring.jpa.open-in-view to disable this warning
10:45:45.606 INFO  [main][RegisterTest.logStarted(StartupInfoLogger.java:61)] Started RegisterTest in 5.318 seconds (JVM running for 6.476)
10:45:45.639 INFO  [main][SpringBootMockServletContext.log(MockServletContext.java:455)] Initializing Spring TestDispatcherServlet ''
10:45:45.639 INFO  [main][TestDispatcherServlet.initServletBean(FrameworkServlet.java:525)] Initializing Servlet ''
10:45:45.640 INFO  [main][TestDispatcherServlet.initServletBean(FrameworkServlet.java:547)] Completed initialization in 0 ms
10:45:46.012 INFO  [SpringApplicationShutdownHook][LocalContainerEntityManagerFactoryBean.destroy(AbstractEntityManagerFactoryBean.java:651)] Closing JPA EntityManagerFactory for persistence unit 'default'
10:45:46.015 INFO  [SpringApplicationShutdownHook][HikariDataSource.close(HikariDataSource.java:350)] HikariPool-1 - Shutdown initiated...
10:45:46.024 INFO  [SpringApplicationShutdownHook][HikariDataSource.close(HikariDataSource.java:352)] HikariPool-1 - Shutdown completed.
11:56:32.671 INFO  [main][SpringBootTestContextBootstrapper.buildDefaultMergedContextConfiguration(AbstractTestContextBootstrapper.java:305)] Neither @ContextConfiguration nor @ContextHierarchy found for test class [com.example.demo_project.Test1], using SpringBootContextLoader
11:56:32.678 INFO  [main][AbstractContextLoader.generateDefaultLocations(AbstractContextLoader.java:264)] Could not detect default resource locations for test class [com.example.demo_project.Test1]: no resource found for suffixes {-context.xml, Context.groovy}.
11:56:32.678 INFO  [main][AnnotationConfigContextLoaderUtils.detectDefaultConfigurationClasses(AnnotationConfigContextLoaderUtils.java:83)] Could not detect default configuration classes for test class [com.example.demo_project.Test1]: Test1 does not declare any static, non-private, non-final, nested classes annotated with @Configuration.
11:56:32.781 INFO  [main][SpringBootTestContextBootstrapper.getOrFindConfigurationClasses(SpringBootTestContextBootstrapper.java:238)] Found @SpringBootConfiguration com.example.demo_project.DemoProjectApplication for test class com.example.demo_project.Test1
11:56:32.884 INFO  [main][SpringBootTestContextBootstrapper.getDefaultTestExecutionListenerClassNames(AbstractTestContextBootstrapper.java:245)] Loaded default TestExecutionListener class names from location [META-INF/spring.factories]: [org.springframework.boot.test.autoconfigure.restdocs.RestDocsTestExecutionListener, org.springframework.boot.test.autoconfigure.web.client.MockRestServiceServerResetTestExecutionListener, org.springframework.boot.test.autoconfigure.web.servlet.MockMvcPrintOnlyOnFailureTestExecutionListener, org.springframework.boot.test.autoconfigure.web.servlet.WebDriverTestExecutionListener, org.springframework.boot.test.autoconfigure.webservices.client.MockWebServiceServerTestExecutionListener, org.springframework.boot.test.mock.mockito.MockitoTestExecutionListener, org.springframework.boot.test.mock.mockito.ResetMocksTestExecutionListener, org.springframework.test.context.web.ServletTestExecutionListener, org.springframework.test.context.support.DirtiesContextBeforeModesTestExecutionListener, org.springframework.test.context.event.ApplicationEventsTestExecutionListener, org.springframework.test.context.support.DependencyInjectionTestExecutionListener, org.springframework.test.context.support.DirtiesContextTestExecutionListener, org.springframework.test.context.transaction.TransactionalTestExecutionListener, org.springframework.test.context.jdbc.SqlScriptsTestExecutionListener, org.springframework.test.context.event.EventPublishingTestExecutionListener]
11:56:32.899 INFO  [main][SpringBootTestContextBootstrapper.getTestExecutionListeners(AbstractTestContextBootstrapper.java:174)] Using TestExecutionListeners: [org.springframework.test.context.web.ServletTestExecutionListener@3185fa6b, org.springframework.test.context.support.DirtiesContextBeforeModesTestExecutionListener@6d366c9b, org.springframework.test.context.event.ApplicationEventsTestExecutionListener@5b58ed3c, org.springframework.boot.test.mock.mockito.MockitoTestExecutionListener@24faea88, org.springframework.boot.test.autoconfigure.SpringBootDependencyInjectionTestExecutionListener@3a320ade, org.springframework.test.context.support.DirtiesContextTestExecutionListener@64beebb7, org.springframework.test.context.transaction.TransactionalTestExecutionListener@7813cb11, org.springframework.test.context.jdbc.SqlScriptsTestExecutionListener@bcec031, org.springframework.test.context.event.EventPublishingTestExecutionListener@21005f6c, org.springframework.boot.test.autoconfigure.restdocs.RestDocsTestExecutionListener@32f0fba8, org.springframework.boot.test.autoconfigure.web.client.MockRestServiceServerResetTestExecutionListener@545de5a4, org.springframework.boot.test.autoconfigure.web.servlet.MockMvcPrintOnlyOnFailureTestExecutionListener@29ef6856, org.springframework.boot.test.autoconfigure.web.servlet.WebDriverTestExecutionListener@ab7a938, org.springframework.boot.test.autoconfigure.webservices.client.MockWebServiceServerTestExecutionListener@3faf2e7d, org.springframework.boot.test.mock.mockito.ResetMocksTestExecutionListener@4648ce9]
11:56:33.225 INFO  [main][Test1.logStarting(StartupInfoLogger.java:55)] Starting Test1 using Java 17.0.2 on LAPTOP-QLMMS84C with PID 26984 (started by roger in D:\java_project\demo_project)
11:56:33.227 INFO  [main][Test1.logStartupProfileInfo(SpringApplication.java:645)] No active profile set, falling back to 1 default profile: "default"
11:56:33.916 INFO  [main][RepositoryConfigurationDelegate.registerRepositoriesIn(RepositoryConfigurationDelegate.java:132)] Bootstrapping Spring Data JPA repositories in DEFAULT mode.
11:56:34.012 INFO  [main][RepositoryConfigurationDelegate.registerRepositoriesIn(RepositoryConfigurationDelegate.java:201)] Finished Spring Data repository scanning in 88 ms. Found 8 JPA repository interfaces.
11:56:34.459 INFO  [main][HikariDataSource.getConnection(HikariDataSource.java:110)] HikariPool-1 - Starting...
11:56:34.657 INFO  [main][HikariDataSource.getConnection(HikariDataSource.java:123)] HikariPool-1 - Start completed.
11:56:34.876 INFO  [main][LogHelper.logPersistenceUnitInformation(LogHelper.java:31)] HHH000204: Processing PersistenceUnitInfo [name: default]
11:56:34.934 INFO  [main][Version.logVersion(Version.java:44)] HHH000412: Hibernate ORM core version 5.6.11.Final
11:56:35.126 INFO  [main][Version.<clinit>(JavaReflectionManager.java:56)] HCANN000001: Hibernate Commons Annotations {5.1.2.Final}
11:56:35.296 INFO  [main][Dialect.<init>(Dialect.java:175)] HHH000400: Using dialect: org.hibernate.dialect.MySQL8Dialect
11:56:35.572 WARN  [main][RootClass.checkCompositeIdentifier(RootClass.java:287)] HHH000038: Composite-id class does not override equals(): com.example.demo_project.entity.OrgCompanyId
11:56:35.572 WARN  [main][RootClass.checkCompositeIdentifier(RootClass.java:290)] HHH000039: Composite-id class does not override hashCode(): com.example.demo_project.entity.OrgCompanyId
11:56:35.904 INFO  [main][JtaPlatformInitiator.initiateService(JtaPlatformInitiator.java:52)] HHH000490: Using JtaPlatform implementation: [org.hibernate.engine.transaction.jta.platform.internal.NoJtaPlatform]
11:56:35.912 INFO  [main][LocalContainerEntityManagerFactoryBean.buildNativeEntityManagerFactory(AbstractEntityManagerFactoryBean.java:437)] Initialized JPA EntityManagerFactory for persistence unit 'default'
11:56:36.933 WARN  [main][JpaBaseConfiguration$JpaWebConfiguration.openEntityManagerInViewInterceptor(JpaBaseConfiguration.java:219)] spring.jpa.open-in-view is enabled by default. Therefore, database queries may be performed during view rendering. Explicitly configure spring.jpa.open-in-view to disable this warning
11:56:38.354 INFO  [main][Test1.logStarted(StartupInfoLogger.java:61)] Started Test1 in 5.415 seconds (JVM running for 6.61)
11:56:38.627 INFO  [SpringApplicationShutdownHook][LocalContainerEntityManagerFactoryBean.destroy(AbstractEntityManagerFactoryBean.java:651)] Closing JPA EntityManagerFactory for persistence unit 'default'
11:56:38.630 INFO  [SpringApplicationShutdownHook][HikariDataSource.close(HikariDataSource.java:350)] HikariPool-1 - Shutdown initiated...
11:56:38.642 INFO  [SpringApplicationShutdownHook][HikariDataSource.close(HikariDataSource.java:352)] HikariPool-1 - Shutdown completed.
12:38:17.058 INFO  [main][SpringBootTestContextBootstrapper.buildDefaultMergedContextConfiguration(AbstractTestContextBootstrapper.java:305)] Neither @ContextConfiguration nor @ContextHierarchy found for test class [com.example.demo_project.Test1], using SpringBootContextLoader
12:38:17.064 INFO  [main][AbstractContextLoader.generateDefaultLocations(AbstractContextLoader.java:264)] Could not detect default resource locations for test class [com.example.demo_project.Test1]: no resource found for suffixes {-context.xml, Context.groovy}.
12:38:17.066 INFO  [main][AnnotationConfigContextLoaderUtils.detectDefaultConfigurationClasses(AnnotationConfigContextLoaderUtils.java:83)] Could not detect default configuration classes for test class [com.example.demo_project.Test1]: Test1 does not declare any static, non-private, non-final, nested classes annotated with @Configuration.
12:38:17.167 INFO  [main][SpringBootTestContextBootstrapper.getOrFindConfigurationClasses(SpringBootTestContextBootstrapper.java:238)] Found @SpringBootConfiguration com.example.demo_project.DemoProjectApplication for test class com.example.demo_project.Test1
12:38:17.269 INFO  [main][SpringBootTestContextBootstrapper.getDefaultTestExecutionListenerClassNames(AbstractTestContextBootstrapper.java:245)] Loaded default TestExecutionListener class names from location [META-INF/spring.factories]: [org.springframework.boot.test.autoconfigure.restdocs.RestDocsTestExecutionListener, org.springframework.boot.test.autoconfigure.web.client.MockRestServiceServerResetTestExecutionListener, org.springframework.boot.test.autoconfigure.web.servlet.MockMvcPrintOnlyOnFailureTestExecutionListener, org.springframework.boot.test.autoconfigure.web.servlet.WebDriverTestExecutionListener, org.springframework.boot.test.autoconfigure.webservices.client.MockWebServiceServerTestExecutionListener, org.springframework.boot.test.mock.mockito.MockitoTestExecutionListener, org.springframework.boot.test.mock.mockito.ResetMocksTestExecutionListener, org.springframework.test.context.web.ServletTestExecutionListener, org.springframework.test.context.support.DirtiesContextBeforeModesTestExecutionListener, org.springframework.test.context.event.ApplicationEventsTestExecutionListener, org.springframework.test.context.support.DependencyInjectionTestExecutionListener, org.springframework.test.context.support.DirtiesContextTestExecutionListener, org.springframework.test.context.transaction.TransactionalTestExecutionListener, org.springframework.test.context.jdbc.SqlScriptsTestExecutionListener, org.springframework.test.context.event.EventPublishingTestExecutionListener]
12:38:17.284 INFO  [main][SpringBootTestContextBootstrapper.getTestExecutionListeners(AbstractTestContextBootstrapper.java:174)] Using TestExecutionListeners: [org.springframework.test.context.web.ServletTestExecutionListener@6d366c9b, org.springframework.test.context.support.DirtiesContextBeforeModesTestExecutionListener@5b58ed3c, org.springframework.test.context.event.ApplicationEventsTestExecutionListener@24faea88, org.springframework.boot.test.mock.mockito.MockitoTestExecutionListener@3a320ade, org.springframework.boot.test.autoconfigure.SpringBootDependencyInjectionTestExecutionListener@64beebb7, org.springframework.test.context.support.DirtiesContextTestExecutionListener@7813cb11, org.springframework.test.context.transaction.TransactionalTestExecutionListener@bcec031, org.springframework.test.context.jdbc.SqlScriptsTestExecutionListener@21005f6c, org.springframework.test.context.event.EventPublishingTestExecutionListener@32f0fba8, org.springframework.boot.test.autoconfigure.restdocs.RestDocsTestExecutionListener@545de5a4, org.springframework.boot.test.autoconfigure.web.client.MockRestServiceServerResetTestExecutionListener@29ef6856, org.springframework.boot.test.autoconfigure.web.servlet.MockMvcPrintOnlyOnFailureTestExecutionListener@ab7a938, org.springframework.boot.test.autoconfigure.web.servlet.WebDriverTestExecutionListener@3faf2e7d, org.springframework.boot.test.autoconfigure.webservices.client.MockWebServiceServerTestExecutionListener@4648ce9, org.springframework.boot.test.mock.mockito.ResetMocksTestExecutionListener@569bf9eb]
12:38:17.608 INFO  [main][Test1.logStarting(StartupInfoLogger.java:55)] Starting Test1 using Java 17.0.2 on LAPTOP-QLMMS84C with PID 29416 (started by roger in D:\java_project\demo_project)
12:38:17.609 INFO  [main][Test1.logStartupProfileInfo(SpringApplication.java:645)] No active profile set, falling back to 1 default profile: "default"
12:38:18.272 INFO  [main][RepositoryConfigurationDelegate.registerRepositoriesIn(RepositoryConfigurationDelegate.java:132)] Bootstrapping Spring Data JPA repositories in DEFAULT mode.
12:38:18.351 INFO  [main][RepositoryConfigurationDelegate.registerRepositoriesIn(RepositoryConfigurationDelegate.java:201)] Finished Spring Data repository scanning in 72 ms. Found 8 JPA repository interfaces.
12:38:18.788 INFO  [main][HikariDataSource.getConnection(HikariDataSource.java:110)] HikariPool-1 - Starting...
12:38:18.983 INFO  [main][HikariDataSource.getConnection(HikariDataSource.java:123)] HikariPool-1 - Start completed.
12:38:19.188 INFO  [main][LogHelper.logPersistenceUnitInformation(LogHelper.java:31)] HHH000204: Processing PersistenceUnitInfo [name: default]
12:38:19.238 INFO  [main][Version.logVersion(Version.java:44)] HHH000412: Hibernate ORM core version 5.6.11.Final
12:38:19.415 INFO  [main][Version.<clinit>(JavaReflectionManager.java:56)] HCANN000001: Hibernate Commons Annotations {5.1.2.Final}
12:38:19.581 INFO  [main][Dialect.<init>(Dialect.java:175)] HHH000400: Using dialect: org.hibernate.dialect.MySQL8Dialect
12:38:19.840 WARN  [main][RootClass.checkCompositeIdentifier(RootClass.java:287)] HHH000038: Composite-id class does not override equals(): com.example.demo_project.entity.OrgCompanyId
12:38:19.841 WARN  [main][RootClass.checkCompositeIdentifier(RootClass.java:290)] HHH000039: Composite-id class does not override hashCode(): com.example.demo_project.entity.OrgCompanyId
12:38:20.138 INFO  [main][JtaPlatformInitiator.initiateService(JtaPlatformInitiator.java:52)] HHH000490: Using JtaPlatform implementation: [org.hibernate.engine.transaction.jta.platform.internal.NoJtaPlatform]
12:38:20.146 INFO  [main][LocalContainerEntityManagerFactoryBean.buildNativeEntityManagerFactory(AbstractEntityManagerFactoryBean.java:437)] Initialized JPA EntityManagerFactory for persistence unit 'default'
12:38:21.187 WARN  [main][JpaBaseConfiguration$JpaWebConfiguration.openEntityManagerInViewInterceptor(JpaBaseConfiguration.java:219)] spring.jpa.open-in-view is enabled by default. Therefore, database queries may be performed during view rendering. Explicitly configure spring.jpa.open-in-view to disable this warning
12:38:22.617 INFO  [main][Test1.logStarted(StartupInfoLogger.java:61)] Started Test1 in 5.297 seconds (JVM running for 6.472)
12:38:23.051 INFO  [SpringApplicationShutdownHook][LocalContainerEntityManagerFactoryBean.destroy(AbstractEntityManagerFactoryBean.java:651)] Closing JPA EntityManagerFactory for persistence unit 'default'
12:38:23.054 INFO  [SpringApplicationShutdownHook][HikariDataSource.close(HikariDataSource.java:350)] HikariPool-1 - Shutdown initiated...
12:38:23.066 INFO  [SpringApplicationShutdownHook][HikariDataSource.close(HikariDataSource.java:352)] HikariPool-1 - Shutdown completed.
