14:46:48.659 INFO  [main][DemoProjectApplication.logStarting(StartupInfoLogger.java:55)] Starting DemoProjectApplication using Java 17.0.2 on LAPTOP-QLMMS84C with PID 8840 (D:\java_project\demo_project\bin\main started by roger in D:\java_project\demo_project)
14:46:48.663 INFO  [main][DemoProjectApplication.logStartupProfileInfo(SpringApplication.java:645)] No active profile set, falling back to 1 default profile: "default"
14:46:49.674 INFO  [main][RepositoryConfigurationDelegate.registerRepositoriesIn(RepositoryConfigurationDelegate.java:132)] Bootstrapping Spring Data JPA repositories in DEFAULT mode.
14:46:49.747 INFO  [main][RepositoryConfigurationDelegate.registerRepositoriesIn(RepositoryConfigurationDelegate.java:201)] Finished Spring Data repository scanning in 65 ms. Found 9 JPA repository interfaces.
14:46:50.879 INFO  [main][TomcatWebServer.initialize(TomcatWebServer.java:108)] Tomcat initialized with port(s): 8080 (http)
14:46:50.897 INFO  [main][Http11NioProtocol.log(DirectJDKLog.java:173)] Initializing ProtocolHandler ["http-nio-8080"]
14:46:50.897 INFO  [main][StandardService.log(DirectJDKLog.java:173)] Starting service [Tomcat]
14:46:50.898 INFO  [main][StandardEngine.log(DirectJDKLog.java:173)] Starting Servlet engine: [Apache Tomcat/9.0.65]
14:46:51.083 INFO  [main][[/].log(DirectJDKLog.java:173)] Initializing Spring embedded WebApplicationContext
14:46:51.083 INFO  [main][ServletWebServerApplicationContext.prepareWebApplicationContext(ServletWebServerApplicationContext.java:290)] Root WebApplicationContext: initialization completed in 2358 ms
14:46:51.262 INFO  [main][HikariDataSource.getConnection(HikariDataSource.java:110)] HikariPool-1 - Starting...
14:46:51.441 INFO  [main][HikariDataSource.getConnection(HikariDataSource.java:123)] HikariPool-1 - Start completed.
14:46:51.623 INFO  [main][LogHelper.logPersistenceUnitInformation(LogHelper.java:31)] HHH000204: Processing PersistenceUnitInfo [name: default]
14:46:51.719 INFO  [main][Version.logVersion(Version.java:44)] HHH000412: Hibernate ORM core version 5.6.11.Final
14:46:51.944 INFO  [main][Version.<clinit>(JavaReflectionManager.java:56)] HCANN000001: Hibernate Commons Annotations {5.1.2.Final}
14:46:52.079 INFO  [main][Dialect.<init>(Dialect.java:175)] HHH000400: Using dialect: org.hibernate.dialect.MySQL8Dialect
14:46:52.314 WARN  [main][RootClass.checkCompositeIdentifier(RootClass.java:287)] HHH000038: Composite-id class does not override equals(): com.example.demo_project.entity.OrgCompanyId
14:46:52.314 WARN  [main][RootClass.checkCompositeIdentifier(RootClass.java:290)] HHH000039: Composite-id class does not override hashCode(): com.example.demo_project.entity.OrgCompanyId
14:46:52.652 INFO  [main][JtaPlatformInitiator.initiateService(JtaPlatformInitiator.java:52)] HHH000490: Using JtaPlatform implementation: [org.hibernate.engine.transaction.jta.platform.internal.NoJtaPlatform]
14:46:52.658 INFO  [main][LocalContainerEntityManagerFactoryBean.buildNativeEntityManagerFactory(AbstractEntityManagerFactoryBean.java:437)] Initialized JPA EntityManagerFactory for persistence unit 'default'
14:46:52.881 WARN  [main][JpaBaseConfiguration$JpaWebConfiguration.openEntityManagerInViewInterceptor(JpaBaseConfiguration.java:219)] spring.jpa.open-in-view is enabled by default. Therefore, database queries may be performed during view rendering. Explicitly configure spring.jpa.open-in-view to disable this warning
14:46:54.487 INFO  [main][DefaultSecurityFilterChain.<init>(DefaultSecurityFilterChain.java:55)] Will secure any request with [org.springframework.security.web.context.request.async.WebAsyncManagerIntegrationFilter@3074575a, org.springframework.security.web.context.SecurityContextPersistenceFilter@2c4e63b3, org.springframework.security.web.header.HeaderWriterFilter@a4388f1, org.springframework.security.web.csrf.CsrfFilter@13da6bc9, org.springframework.security.web.authentication.logout.LogoutFilter@2ac0cb64, org.springframework.security.web.authentication.UsernamePasswordAuthenticationFilter@6c3627c, org.springframework.security.web.authentication.ui.DefaultLoginPageGeneratingFilter@3f7a7ce6, org.springframework.security.web.authentication.ui.DefaultLogoutPageGeneratingFilter@7e4bbda4, org.springframework.security.web.authentication.www.BasicAuthenticationFilter@6b7ebac1, org.springframework.security.web.savedrequest.RequestCacheAwareFilter@3a7f382, org.springframework.security.web.servletapi.SecurityContextHolderAwareRequestFilter@4b8601a1, org.springframework.security.web.authentication.AnonymousAuthenticationFilter@2eed6331, org.springframework.security.web.session.SessionManagementFilter@4cbd17b3, org.springframework.security.web.access.ExceptionTranslationFilter@29b2a94c, org.springframework.security.web.access.intercept.FilterSecurityInterceptor@2a5c115b]
