16:33:06.280 INFO  [main][DemoProjectApplication.logStarting(StartupInfoLogger.java:55)] Starting DemoProjectApplication using Java 17.0.2 on LAPTOP-QLMMS84C with PID 10704 (D:\java_project\demo_project\bin\main started by roger in D:\java_project\demo_project)
16:33:06.284 INFO  [main][DemoProjectApplication.logStartupProfileInfo(SpringApplication.java:645)] No active profile set, falling back to 1 default profile: "default"
16:33:07.453 INFO  [main][RepositoryConfigurationDelegate.registerRepositoriesIn(RepositoryConfigurationDelegate.java:132)] Bootstrapping Spring Data JPA repositories in DEFAULT mode.
16:33:07.534 INFO  [main][RepositoryConfigurationDelegate.registerRepositoriesIn(RepositoryConfigurationDelegate.java:201)] Finished Spring Data repository scanning in 71 ms. Found 9 JPA repository interfaces.
16:33:08.700 INFO  [main][TomcatWebServer.initialize(TomcatWebServer.java:108)] Tomcat initialized with port(s): 8080 (http)
16:33:08.719 INFO  [main][Http11NioProtocol.log(DirectJDKLog.java:173)] Initializing ProtocolHandler ["http-nio-8080"]
16:33:08.719 INFO  [main][StandardService.log(DirectJDKLog.java:173)] Starting service [Tomcat]
16:33:08.720 INFO  [main][StandardEngine.log(DirectJDKLog.java:173)] Starting Servlet engine: [Apache Tomcat/9.0.65]
16:33:08.978 INFO  [main][[/].log(DirectJDKLog.java:173)] Initializing Spring embedded WebApplicationContext
16:33:08.978 INFO  [main][ServletWebServerApplicationContext.prepareWebApplicationContext(ServletWebServerApplicationContext.java:290)] Root WebApplicationContext: initialization completed in 2624 ms
16:33:09.180 INFO  [main][HikariDataSource.getConnection(HikariDataSource.java:110)] HikariPool-1 - Starting...
16:33:09.389 INFO  [main][HikariDataSource.getConnection(HikariDataSource.java:123)] HikariPool-1 - Start completed.
16:33:09.568 INFO  [main][LogHelper.logPersistenceUnitInformation(LogHelper.java:31)] HHH000204: Processing PersistenceUnitInfo [name: default]
16:33:09.624 INFO  [main][Version.logVersion(Version.java:44)] HHH000412: Hibernate ORM core version 5.6.11.Final
16:33:09.810 INFO  [main][Version.<clinit>(JavaReflectionManager.java:56)] HCANN000001: Hibernate Commons Annotations {5.1.2.Final}
16:33:09.928 INFO  [main][Dialect.<init>(Dialect.java:175)] HHH000400: Using dialect: org.hibernate.dialect.MySQL8Dialect
16:33:10.181 WARN  [main][RootClass.checkCompositeIdentifier(RootClass.java:287)] HHH000038: Composite-id class does not override equals(): com.example.demo_project.entity.OrgCompanyId
16:33:10.181 WARN  [main][RootClass.checkCompositeIdentifier(RootClass.java:290)] HHH000039: Composite-id class does not override hashCode(): com.example.demo_project.entity.OrgCompanyId
16:33:10.551 INFO  [main][JtaPlatformInitiator.initiateService(JtaPlatformInitiator.java:52)] HHH000490: Using JtaPlatform implementation: [org.hibernate.engine.transaction.jta.platform.internal.NoJtaPlatform]
16:33:10.560 INFO  [main][LocalContainerEntityManagerFactoryBean.buildNativeEntityManagerFactory(AbstractEntityManagerFactoryBean.java:437)] Initialized JPA EntityManagerFactory for persistence unit 'default'
16:33:10.769 WARN  [main][JpaBaseConfiguration$JpaWebConfiguration.openEntityManagerInViewInterceptor(JpaBaseConfiguration.java:219)] spring.jpa.open-in-view is enabled by default. Therefore, database queries may be performed during view rendering. Explicitly configure spring.jpa.open-in-view to disable this warning
16:33:12.463 INFO  [main][DefaultSecurityFilterChain.<init>(DefaultSecurityFilterChain.java:55)] Will secure any request with [org.springframework.security.web.context.request.async.WebAsyncManagerIntegrationFilter@15ade272, org.springframework.security.web.context.SecurityContextPersistenceFilter@1e186006, org.springframework.security.web.header.HeaderWriterFilter@2472ba04, org.springframework.security.web.csrf.CsrfFilter@773cc551, org.springframework.security.web.authentication.logout.LogoutFilter@fe38d1e, org.springframework.security.web.authentication.UsernamePasswordAuthenticationFilter@1cb7f2fe, org.springframework.security.web.authentication.ui.DefaultLoginPageGeneratingFilter@7fd7085d, org.springframework.security.web.authentication.ui.DefaultLogoutPageGeneratingFilter@225890bc, org.springframework.security.web.authentication.www.BasicAuthenticationFilter@47a90d2a, org.springframework.security.web.savedrequest.RequestCacheAwareFilter@f047670, org.springframework.security.web.servletapi.SecurityContextHolderAwareRequestFilter@7aad7df5, org.springframework.security.web.authentication.AnonymousAuthenticationFilter@d426e01, org.springframework.security.web.session.SessionManagementFilter@5bb45afc, org.springframework.security.web.access.ExceptionTranslationFilter@64710a6, org.springframework.security.web.access.intercept.FilterSecurityInterceptor@3d96b8fb]
16:33:14.104 INFO  [main][Http11NioProtocol.log(DirectJDKLog.java:173)] Starting ProtocolHandler ["http-nio-8080"]
16:33:14.246 INFO  [main][TomcatWebServer.start(TomcatWebServer.java:220)] Tomcat started on port(s): 8080 (http) with context path ''
16:33:14.259 INFO  [main][DemoProjectApplication.logStarted(StartupInfoLogger.java:61)] Started DemoProjectApplication in 8.333 seconds (JVM running for 15.737)
