11:05:29.134 INFO  [main][SpringBootTestContextBootstrapper.buildDefaultMergedContextConfiguration(AbstractTestContextBootstrapper.java:305)] Neither @ContextConfiguration nor @ContextHierarchy found for test class [com.example.demo_project.RegisterTest], using SpringBootContextLoader
11:05:29.141 INFO  [main][AbstractContextLoader.generateDefaultLocations(AbstractContextLoader.java:264)] Could not detect default resource locations for test class [com.example.demo_project.RegisterTest]: no resource found for suffixes {-context.xml, Context.groovy}.
11:05:29.141 INFO  [main][AnnotationConfigContextLoaderUtils.detectDefaultConfigurationClasses(AnnotationConfigContextLoaderUtils.java:83)] Could not detect default configuration classes for test class [com.example.demo_project.RegisterTest]: RegisterTest does not declare any static, non-private, non-final, nested classes annotated with @Configuration.
11:05:29.238 INFO  [main][SpringBootTestContextBootstrapper.getOrFindConfigurationClasses(SpringBootTestContextBootstrapper.java:238)] Found @SpringBootConfiguration com.example.demo_project.DemoProjectApplication for test class com.example.demo_project.RegisterTest
11:05:29.336 INFO  [main][SpringBootTestContextBootstrapper.getDefaultTestExecutionListenerClassNames(AbstractTestContextBootstrapper.java:245)] Loaded default TestExecutionListener class names from location [META-INF/spring.factories]: [org.springframework.boot.test.autoconfigure.restdocs.RestDocsTestExecutionListener, org.springframework.boot.test.autoconfigure.web.client.MockRestServiceServerResetTestExecutionListener, org.springframework.boot.test.autoconfigure.web.servlet.MockMvcPrintOnlyOnFailureTestExecutionListener, org.springframework.boot.test.autoconfigure.web.servlet.WebDriverTestExecutionListener, org.springframework.boot.test.autoconfigure.webservices.client.MockWebServiceServerTestExecutionListener, org.springframework.boot.test.mock.mockito.MockitoTestExecutionListener, org.springframework.boot.test.mock.mockito.ResetMocksTestExecutionListener, org.springframework.test.context.web.ServletTestExecutionListener, org.springframework.test.context.support.DirtiesContextBeforeModesTestExecutionListener, org.springframework.test.context.event.ApplicationEventsTestExecutionListener, org.springframework.test.context.support.DependencyInjectionTestExecutionListener, org.springframework.test.context.support.DirtiesContextTestExecutionListener, org.springframework.test.context.transaction.TransactionalTestExecutionListener, org.springframework.test.context.jdbc.SqlScriptsTestExecutionListener, org.springframework.test.context.event.EventPublishingTestExecutionListener]
11:05:29.353 INFO  [main][SpringBootTestContextBootstrapper.getTestExecutionListeners(AbstractTestContextBootstrapper.java:174)] Using TestExecutionListeners: [org.springframework.test.context.web.ServletTestExecutionListener@72bd06ca, org.springframework.test.context.support.DirtiesContextBeforeModesTestExecutionListener@89c10b7, org.springframework.test.context.event.ApplicationEventsTestExecutionListener@5dbe30be, org.springframework.boot.test.mock.mockito.MockitoTestExecutionListener@4fe89c24, org.springframework.boot.test.autoconfigure.SpringBootDependencyInjectionTestExecutionListener@55795845, org.springframework.test.context.support.DirtiesContextTestExecutionListener@3d08f3f5, org.springframework.test.context.transaction.TransactionalTestExecutionListener@119f1f2a, org.springframework.test.context.jdbc.SqlScriptsTestExecutionListener@1a1da881, org.springframework.test.context.event.EventPublishingTestExecutionListener@5b970f7, org.springframework.boot.test.autoconfigure.restdocs.RestDocsTestExecutionListener@7fd4acee, org.springframework.boot.test.autoconfigure.web.client.MockRestServiceServerResetTestExecutionListener@165b8a71, org.springframework.boot.test.autoconfigure.web.servlet.MockMvcPrintOnlyOnFailureTestExecutionListener@6175619b, org.springframework.boot.test.autoconfigure.web.servlet.WebDriverTestExecutionListener@2f058b8a, org.springframework.boot.test.autoconfigure.webservices.client.MockWebServiceServerTestExecutionListener@756cf158, org.springframework.boot.test.mock.mockito.ResetMocksTestExecutionListener@3f2ef586]
11:05:29.743 INFO  [main][RegisterTest.logStarting(StartupInfoLogger.java:55)] Starting RegisterTest using Java 17.0.2 on LAPTOP-QLMMS84C with PID 16624 (started by roger in D:\java_project\demo_project)
11:05:29.744 INFO  [main][RegisterTest.logStartupProfileInfo(SpringApplication.java:645)] No active profile set, falling back to 1 default profile: "default"
11:05:30.471 INFO  [main][RepositoryConfigurationDelegate.registerRepositoriesIn(RepositoryConfigurationDelegate.java:132)] Bootstrapping Spring Data JPA repositories in DEFAULT mode.
11:05:30.553 INFO  [main][RepositoryConfigurationDelegate.registerRepositoriesIn(RepositoryConfigurationDelegate.java:201)] Finished Spring Data repository scanning in 75 ms. Found 8 JPA repository interfaces.
11:05:31.220 INFO  [main][HikariDataSource.getConnection(HikariDataSource.java:110)] HikariPool-1 - Starting...
11:05:31.642 INFO  [main][HikariDataSource.getConnection(HikariDataSource.java:123)] HikariPool-1 - Start completed.
11:05:31.919 INFO  [main][LogHelper.logPersistenceUnitInformation(LogHelper.java:31)] HHH000204: Processing PersistenceUnitInfo [name: default]
11:05:31.989 INFO  [main][Version.logVersion(Version.java:44)] HHH000412: Hibernate ORM core version 5.6.11.Final
11:05:32.217 INFO  [main][Version.<clinit>(JavaReflectionManager.java:56)] HCANN000001: Hibernate Commons Annotations {5.1.2.Final}
11:05:32.508 INFO  [main][Dialect.<init>(Dialect.java:175)] HHH000400: Using dialect: org.hibernate.dialect.MySQL8Dialect
11:05:33.006 WARN  [main][RootClass.checkCompositeIdentifier(RootClass.java:287)] HHH000038: Composite-id class does not override equals(): com.example.demo_project.entity.OrgCompanyId
11:05:33.006 WARN  [main][RootClass.checkCompositeIdentifier(RootClass.java:290)] HHH000039: Composite-id class does not override hashCode(): com.example.demo_project.entity.OrgCompanyId
11:05:33.374 INFO  [main][JtaPlatformInitiator.initiateService(JtaPlatformInitiator.java:52)] HHH000490: Using JtaPlatform implementation: [org.hibernate.engine.transaction.jta.platform.internal.NoJtaPlatform]
11:05:33.387 INFO  [main][LocalContainerEntityManagerFactoryBean.buildNativeEntityManagerFactory(AbstractEntityManagerFactoryBean.java:437)] Initialized JPA EntityManagerFactory for persistence unit 'default'
11:05:35.526 WARN  [main][JpaBaseConfiguration$JpaWebConfiguration.openEntityManagerInViewInterceptor(JpaBaseConfiguration.java:219)] spring.jpa.open-in-view is enabled by default. Therefore, database queries may be performed during view rendering. Explicitly configure spring.jpa.open-in-view to disable this warning
11:05:37.391 INFO  [main][RegisterTest.logStarted(StartupInfoLogger.java:61)] Started RegisterTest in 8.013 seconds (JVM running for 18.17)
11:05:37.433 INFO  [main][SpringBootMockServletContext.log(MockServletContext.java:455)] Initializing Spring TestDispatcherServlet ''
11:05:37.433 INFO  [main][TestDispatcherServlet.initServletBean(FrameworkServlet.java:525)] Initializing Servlet ''
11:05:37.434 INFO  [main][TestDispatcherServlet.initServletBean(FrameworkServlet.java:547)] Completed initialization in 1 ms
11:05:37.761 INFO  [SpringApplicationShutdownHook][LocalContainerEntityManagerFactoryBean.destroy(AbstractEntityManagerFactoryBean.java:651)] Closing JPA EntityManagerFactory for persistence unit 'default'
11:05:37.764 INFO  [SpringApplicationShutdownHook][HikariDataSource.close(HikariDataSource.java:350)] HikariPool-1 - Shutdown initiated...
11:05:37.777 INFO  [SpringApplicationShutdownHook][HikariDataSource.close(HikariDataSource.java:352)] HikariPool-1 - Shutdown completed.
11:06:07.430 INFO  [main][SpringBootTestContextBootstrapper.buildDefaultMergedContextConfiguration(AbstractTestContextBootstrapper.java:305)] Neither @ContextConfiguration nor @ContextHierarchy found for test class [com.example.demo_project.RegisterTest], using SpringBootContextLoader
11:06:07.437 INFO  [main][AbstractContextLoader.generateDefaultLocations(AbstractContextLoader.java:264)] Could not detect default resource locations for test class [com.example.demo_project.RegisterTest]: no resource found for suffixes {-context.xml, Context.groovy}.
11:06:07.439 INFO  [main][AnnotationConfigContextLoaderUtils.detectDefaultConfigurationClasses(AnnotationConfigContextLoaderUtils.java:83)] Could not detect default configuration classes for test class [com.example.demo_project.RegisterTest]: RegisterTest does not declare any static, non-private, non-final, nested classes annotated with @Configuration.
11:06:07.543 INFO  [main][SpringBootTestContextBootstrapper.getOrFindConfigurationClasses(SpringBootTestContextBootstrapper.java:238)] Found @SpringBootConfiguration com.example.demo_project.DemoProjectApplication for test class com.example.demo_project.RegisterTest
11:06:07.647 INFO  [main][SpringBootTestContextBootstrapper.getDefaultTestExecutionListenerClassNames(AbstractTestContextBootstrapper.java:245)] Loaded default TestExecutionListener class names from location [META-INF/spring.factories]: [org.springframework.boot.test.autoconfigure.restdocs.RestDocsTestExecutionListener, org.springframework.boot.test.autoconfigure.web.client.MockRestServiceServerResetTestExecutionListener, org.springframework.boot.test.autoconfigure.web.servlet.MockMvcPrintOnlyOnFailureTestExecutionListener, org.springframework.boot.test.autoconfigure.web.servlet.WebDriverTestExecutionListener, org.springframework.boot.test.autoconfigure.webservices.client.MockWebServiceServerTestExecutionListener, org.springframework.boot.test.mock.mockito.MockitoTestExecutionListener, org.springframework.boot.test.mock.mockito.ResetMocksTestExecutionListener, org.springframework.test.context.web.ServletTestExecutionListener, org.springframework.test.context.support.DirtiesContextBeforeModesTestExecutionListener, org.springframework.test.context.event.ApplicationEventsTestExecutionListener, org.springframework.test.context.support.DependencyInjectionTestExecutionListener, org.springframework.test.context.support.DirtiesContextTestExecutionListener, org.springframework.test.context.transaction.TransactionalTestExecutionListener, org.springframework.test.context.jdbc.SqlScriptsTestExecutionListener, org.springframework.test.context.event.EventPublishingTestExecutionListener]
11:06:07.663 INFO  [main][SpringBootTestContextBootstrapper.getTestExecutionListeners(AbstractTestContextBootstrapper.java:174)] Using TestExecutionListeners: [org.springframework.test.context.web.ServletTestExecutionListener@72bd06ca, org.springframework.test.context.support.DirtiesContextBeforeModesTestExecutionListener@89c10b7, org.springframework.test.context.event.ApplicationEventsTestExecutionListener@5dbe30be, org.springframework.boot.test.mock.mockito.MockitoTestExecutionListener@4fe89c24, org.springframework.boot.test.autoconfigure.SpringBootDependencyInjectionTestExecutionListener@55795845, org.springframework.test.context.support.DirtiesContextTestExecutionListener@3d08f3f5, org.springframework.test.context.transaction.TransactionalTestExecutionListener@119f1f2a, org.springframework.test.context.jdbc.SqlScriptsTestExecutionListener@1a1da881, org.springframework.test.context.event.EventPublishingTestExecutionListener@5b970f7, org.springframework.boot.test.autoconfigure.restdocs.RestDocsTestExecutionListener@7fd4acee, org.springframework.boot.test.autoconfigure.web.client.MockRestServiceServerResetTestExecutionListener@165b8a71, org.springframework.boot.test.autoconfigure.web.servlet.MockMvcPrintOnlyOnFailureTestExecutionListener@6175619b, org.springframework.boot.test.autoconfigure.web.servlet.WebDriverTestExecutionListener@2f058b8a, org.springframework.boot.test.autoconfigure.webservices.client.MockWebServiceServerTestExecutionListener@756cf158, org.springframework.boot.test.mock.mockito.ResetMocksTestExecutionListener@3f2ef586]
11:06:07.972 INFO  [main][RegisterTest.logStarting(StartupInfoLogger.java:55)] Starting RegisterTest using Java 17.0.2 on LAPTOP-QLMMS84C with PID 29488 (started by roger in D:\java_project\demo_project)
11:06:07.975 INFO  [main][RegisterTest.logStartupProfileInfo(SpringApplication.java:645)] No active profile set, falling back to 1 default profile: "default"
11:06:08.708 INFO  [main][RepositoryConfigurationDelegate.registerRepositoriesIn(RepositoryConfigurationDelegate.java:132)] Bootstrapping Spring Data JPA repositories in DEFAULT mode.
11:06:08.813 INFO  [main][RepositoryConfigurationDelegate.registerRepositoriesIn(RepositoryConfigurationDelegate.java:201)] Finished Spring Data repository scanning in 95 ms. Found 8 JPA repository interfaces.
11:06:09.466 INFO  [main][HikariDataSource.getConnection(HikariDataSource.java:110)] HikariPool-1 - Starting...
11:06:09.667 INFO  [main][HikariDataSource.getConnection(HikariDataSource.java:123)] HikariPool-1 - Start completed.
11:06:09.906 INFO  [main][LogHelper.logPersistenceUnitInformation(LogHelper.java:31)] HHH000204: Processing PersistenceUnitInfo [name: default]
11:06:09.959 INFO  [main][Version.logVersion(Version.java:44)] HHH000412: Hibernate ORM core version 5.6.11.Final
11:06:10.138 INFO  [main][Version.<clinit>(JavaReflectionManager.java:56)] HCANN000001: Hibernate Commons Annotations {5.1.2.Final}
11:06:10.323 INFO  [main][Dialect.<init>(Dialect.java:175)] HHH000400: Using dialect: org.hibernate.dialect.MySQL8Dialect
11:06:10.544 WARN  [main][RootClass.checkCompositeIdentifier(RootClass.java:287)] HHH000038: Composite-id class does not override equals(): com.example.demo_project.entity.OrgCompanyId
11:06:10.544 WARN  [main][RootClass.checkCompositeIdentifier(RootClass.java:290)] HHH000039: Composite-id class does not override hashCode(): com.example.demo_project.entity.OrgCompanyId
11:06:10.847 INFO  [main][JtaPlatformInitiator.initiateService(JtaPlatformInitiator.java:52)] HHH000490: Using JtaPlatform implementation: [org.hibernate.engine.transaction.jta.platform.internal.NoJtaPlatform]
11:06:10.854 INFO  [main][LocalContainerEntityManagerFactoryBean.buildNativeEntityManagerFactory(AbstractEntityManagerFactoryBean.java:437)] Initialized JPA EntityManagerFactory for persistence unit 'default'
11:06:12.578 WARN  [main][JpaBaseConfiguration$JpaWebConfiguration.openEntityManagerInViewInterceptor(JpaBaseConfiguration.java:219)] spring.jpa.open-in-view is enabled by default. Therefore, database queries may be performed during view rendering. Explicitly configure spring.jpa.open-in-view to disable this warning
11:06:14.869 INFO  [main][RegisterTest.logStarted(StartupInfoLogger.java:61)] Started RegisterTest in 7.176 seconds (JVM running for 8.375)
11:06:14.918 INFO  [main][SpringBootMockServletContext.log(MockServletContext.java:455)] Initializing Spring TestDispatcherServlet ''
11:06:14.919 INFO  [main][TestDispatcherServlet.initServletBean(FrameworkServlet.java:525)] Initializing Servlet ''
11:06:14.920 INFO  [main][TestDispatcherServlet.initServletBean(FrameworkServlet.java:547)] Completed initialization in 1 ms
11:06:15.394 INFO  [SpringApplicationShutdownHook][LocalContainerEntityManagerFactoryBean.destroy(AbstractEntityManagerFactoryBean.java:651)] Closing JPA EntityManagerFactory for persistence unit 'default'
11:06:15.397 INFO  [SpringApplicationShutdownHook][HikariDataSource.close(HikariDataSource.java:350)] HikariPool-1 - Shutdown initiated...
11:06:15.411 INFO  [SpringApplicationShutdownHook][HikariDataSource.close(HikariDataSource.java:352)] HikariPool-1 - Shutdown completed.
12:05:18.598 INFO  [main][SpringBootTestContextBootstrapper.buildDefaultMergedContextConfiguration(AbstractTestContextBootstrapper.java:305)] Neither @ContextConfiguration nor @ContextHierarchy found for test class [com.example.demo_project.RegisterTest], using SpringBootContextLoader
12:05:18.727 INFO  [main][AbstractContextLoader.generateDefaultLocations(AbstractContextLoader.java:264)] Could not detect default resource locations for test class [com.example.demo_project.RegisterTest]: no resource found for suffixes {-context.xml, Context.groovy}.
12:05:18.728 INFO  [main][AnnotationConfigContextLoaderUtils.detectDefaultConfigurationClasses(AnnotationConfigContextLoaderUtils.java:83)] Could not detect default configuration classes for test class [com.example.demo_project.RegisterTest]: RegisterTest does not declare any static, non-private, non-final, nested classes annotated with @Configuration.
12:05:18.847 INFO  [main][SpringBootTestContextBootstrapper.getOrFindConfigurationClasses(SpringBootTestContextBootstrapper.java:238)] Found @SpringBootConfiguration com.example.demo_project.DemoProjectApplication for test class com.example.demo_project.RegisterTest
12:05:18.941 INFO  [main][SpringBootTestContextBootstrapper.getDefaultTestExecutionListenerClassNames(AbstractTestContextBootstrapper.java:245)] Loaded default TestExecutionListener class names from location [META-INF/spring.factories]: [org.springframework.boot.test.autoconfigure.restdocs.RestDocsTestExecutionListener, org.springframework.boot.test.autoconfigure.web.client.MockRestServiceServerResetTestExecutionListener, org.springframework.boot.test.autoconfigure.web.servlet.MockMvcPrintOnlyOnFailureTestExecutionListener, org.springframework.boot.test.autoconfigure.web.servlet.WebDriverTestExecutionListener, org.springframework.boot.test.autoconfigure.webservices.client.MockWebServiceServerTestExecutionListener, org.springframework.boot.test.mock.mockito.MockitoTestExecutionListener, org.springframework.boot.test.mock.mockito.ResetMocksTestExecutionListener, org.springframework.test.context.web.ServletTestExecutionListener, org.springframework.test.context.support.DirtiesContextBeforeModesTestExecutionListener, org.springframework.test.context.event.ApplicationEventsTestExecutionListener, org.springframework.test.context.support.DependencyInjectionTestExecutionListener, org.springframework.test.context.support.DirtiesContextTestExecutionListener, org.springframework.test.context.transaction.TransactionalTestExecutionListener, org.springframework.test.context.jdbc.SqlScriptsTestExecutionListener, org.springframework.test.context.event.EventPublishingTestExecutionListener]
12:05:18.957 INFO  [main][SpringBootTestContextBootstrapper.getTestExecutionListeners(AbstractTestContextBootstrapper.java:174)] Using TestExecutionListeners: [org.springframework.test.context.web.ServletTestExecutionListener@72bd06ca, org.springframework.test.context.support.DirtiesContextBeforeModesTestExecutionListener@89c10b7, org.springframework.test.context.event.ApplicationEventsTestExecutionListener@5dbe30be, org.springframework.boot.test.mock.mockito.MockitoTestExecutionListener@4fe89c24, org.springframework.boot.test.autoconfigure.SpringBootDependencyInjectionTestExecutionListener@55795845, org.springframework.test.context.support.DirtiesContextTestExecutionListener@3d08f3f5, org.springframework.test.context.transaction.TransactionalTestExecutionListener@119f1f2a, org.springframework.test.context.jdbc.SqlScriptsTestExecutionListener@1a1da881, org.springframework.test.context.event.EventPublishingTestExecutionListener@5b970f7, org.springframework.boot.test.autoconfigure.restdocs.RestDocsTestExecutionListener@7fd4acee, org.springframework.boot.test.autoconfigure.web.client.MockRestServiceServerResetTestExecutionListener@165b8a71, org.springframework.boot.test.autoconfigure.web.servlet.MockMvcPrintOnlyOnFailureTestExecutionListener@6175619b, org.springframework.boot.test.autoconfigure.web.servlet.WebDriverTestExecutionListener@2f058b8a, org.springframework.boot.test.autoconfigure.webservices.client.MockWebServiceServerTestExecutionListener@756cf158, org.springframework.boot.test.mock.mockito.ResetMocksTestExecutionListener@3f2ef586]
12:05:19.340 INFO  [main][RegisterTest.logStarting(StartupInfoLogger.java:55)] Starting RegisterTest using Java 17.0.2 on LAPTOP-QLMMS84C with PID 27672 (started by roger in D:\java_project\demo_project)
12:05:19.342 INFO  [main][RegisterTest.logStartupProfileInfo(SpringApplication.java:645)] No active profile set, falling back to 1 default profile: "default"
12:05:20.014 INFO  [main][RepositoryConfigurationDelegate.registerRepositoriesIn(RepositoryConfigurationDelegate.java:132)] Bootstrapping Spring Data JPA repositories in DEFAULT mode.
12:05:20.098 INFO  [main][RepositoryConfigurationDelegate.registerRepositoriesIn(RepositoryConfigurationDelegate.java:201)] Finished Spring Data repository scanning in 75 ms. Found 8 JPA repository interfaces.
12:05:20.723 INFO  [main][HikariDataSource.getConnection(HikariDataSource.java:110)] HikariPool-1 - Starting...
12:05:20.965 INFO  [main][HikariDataSource.getConnection(HikariDataSource.java:123)] HikariPool-1 - Start completed.
12:05:21.235 INFO  [main][LogHelper.logPersistenceUnitInformation(LogHelper.java:31)] HHH000204: Processing PersistenceUnitInfo [name: default]
12:05:21.296 INFO  [main][Version.logVersion(Version.java:44)] HHH000412: Hibernate ORM core version 5.6.11.Final
12:05:21.487 INFO  [main][Version.<clinit>(JavaReflectionManager.java:56)] HCANN000001: Hibernate Commons Annotations {5.1.2.Final}
12:05:21.694 INFO  [main][Dialect.<init>(Dialect.java:175)] HHH000400: Using dialect: org.hibernate.dialect.MySQL8Dialect
12:05:21.907 WARN  [main][RootClass.checkCompositeIdentifier(RootClass.java:287)] HHH000038: Composite-id class does not override equals(): com.example.demo_project.entity.OrgCompanyId
12:05:21.908 WARN  [main][RootClass.checkCompositeIdentifier(RootClass.java:290)] HHH000039: Composite-id class does not override hashCode(): com.example.demo_project.entity.OrgCompanyId
12:05:22.265 INFO  [main][JtaPlatformInitiator.initiateService(JtaPlatformInitiator.java:52)] HHH000490: Using JtaPlatform implementation: [org.hibernate.engine.transaction.jta.platform.internal.NoJtaPlatform]
12:05:22.274 INFO  [main][LocalContainerEntityManagerFactoryBean.buildNativeEntityManagerFactory(AbstractEntityManagerFactoryBean.java:437)] Initialized JPA EntityManagerFactory for persistence unit 'default'
12:05:23.948 WARN  [main][JpaBaseConfiguration$JpaWebConfiguration.openEntityManagerInViewInterceptor(JpaBaseConfiguration.java:219)] spring.jpa.open-in-view is enabled by default. Therefore, database queries may be performed during view rendering. Explicitly configure spring.jpa.open-in-view to disable this warning
12:05:25.814 INFO  [main][RegisterTest.logStarted(StartupInfoLogger.java:61)] Started RegisterTest in 6.827 seconds (JVM running for 8.163)
12:05:25.852 INFO  [main][SpringBootMockServletContext.log(MockServletContext.java:455)] Initializing Spring TestDispatcherServlet ''
12:05:25.853 INFO  [main][TestDispatcherServlet.initServletBean(FrameworkServlet.java:525)] Initializing Servlet ''
12:05:25.854 INFO  [main][TestDispatcherServlet.initServletBean(FrameworkServlet.java:547)] Completed initialization in 1 ms
12:05:26.248 INFO  [SpringApplicationShutdownHook][LocalContainerEntityManagerFactoryBean.destroy(AbstractEntityManagerFactoryBean.java:651)] Closing JPA EntityManagerFactory for persistence unit 'default'
12:05:26.251 INFO  [SpringApplicationShutdownHook][HikariDataSource.close(HikariDataSource.java:350)] HikariPool-1 - Shutdown initiated...
12:05:26.263 INFO  [SpringApplicationShutdownHook][HikariDataSource.close(HikariDataSource.java:352)] HikariPool-1 - Shutdown completed.
12:05:49.352 INFO  [main][SpringBootTestContextBootstrapper.buildDefaultMergedContextConfiguration(AbstractTestContextBootstrapper.java:305)] Neither @ContextConfiguration nor @ContextHierarchy found for test class [com.example.demo_project.RegisterTest], using SpringBootContextLoader
12:05:49.360 INFO  [main][AbstractContextLoader.generateDefaultLocations(AbstractContextLoader.java:264)] Could not detect default resource locations for test class [com.example.demo_project.RegisterTest]: no resource found for suffixes {-context.xml, Context.groovy}.
12:05:49.360 INFO  [main][AnnotationConfigContextLoaderUtils.detectDefaultConfigurationClasses(AnnotationConfigContextLoaderUtils.java:83)] Could not detect default configuration classes for test class [com.example.demo_project.RegisterTest]: RegisterTest does not declare any static, non-private, non-final, nested classes annotated with @Configuration.
12:05:49.467 INFO  [main][SpringBootTestContextBootstrapper.getOrFindConfigurationClasses(SpringBootTestContextBootstrapper.java:238)] Found @SpringBootConfiguration com.example.demo_project.DemoProjectApplication for test class com.example.demo_project.RegisterTest
12:05:49.577 INFO  [main][SpringBootTestContextBootstrapper.getDefaultTestExecutionListenerClassNames(AbstractTestContextBootstrapper.java:245)] Loaded default TestExecutionListener class names from location [META-INF/spring.factories]: [org.springframework.boot.test.autoconfigure.restdocs.RestDocsTestExecutionListener, org.springframework.boot.test.autoconfigure.web.client.MockRestServiceServerResetTestExecutionListener, org.springframework.boot.test.autoconfigure.web.servlet.MockMvcPrintOnlyOnFailureTestExecutionListener, org.springframework.boot.test.autoconfigure.web.servlet.WebDriverTestExecutionListener, org.springframework.boot.test.autoconfigure.webservices.client.MockWebServiceServerTestExecutionListener, org.springframework.boot.test.mock.mockito.MockitoTestExecutionListener, org.springframework.boot.test.mock.mockito.ResetMocksTestExecutionListener, org.springframework.test.context.web.ServletTestExecutionListener, org.springframework.test.context.support.DirtiesContextBeforeModesTestExecutionListener, org.springframework.test.context.event.ApplicationEventsTestExecutionListener, org.springframework.test.context.support.DependencyInjectionTestExecutionListener, org.springframework.test.context.support.DirtiesContextTestExecutionListener, org.springframework.test.context.transaction.TransactionalTestExecutionListener, org.springframework.test.context.jdbc.SqlScriptsTestExecutionListener, org.springframework.test.context.event.EventPublishingTestExecutionListener]
12:05:49.592 INFO  [main][SpringBootTestContextBootstrapper.getTestExecutionListeners(AbstractTestContextBootstrapper.java:174)] Using TestExecutionListeners: [org.springframework.test.context.web.ServletTestExecutionListener@72bd06ca, org.springframework.test.context.support.DirtiesContextBeforeModesTestExecutionListener@89c10b7, org.springframework.test.context.event.ApplicationEventsTestExecutionListener@5dbe30be, org.springframework.boot.test.mock.mockito.MockitoTestExecutionListener@4fe89c24, org.springframework.boot.test.autoconfigure.SpringBootDependencyInjectionTestExecutionListener@55795845, org.springframework.test.context.support.DirtiesContextTestExecutionListener@3d08f3f5, org.springframework.test.context.transaction.TransactionalTestExecutionListener@119f1f2a, org.springframework.test.context.jdbc.SqlScriptsTestExecutionListener@1a1da881, org.springframework.test.context.event.EventPublishingTestExecutionListener@5b970f7, org.springframework.boot.test.autoconfigure.restdocs.RestDocsTestExecutionListener@7fd4acee, org.springframework.boot.test.autoconfigure.web.client.MockRestServiceServerResetTestExecutionListener@165b8a71, org.springframework.boot.test.autoconfigure.web.servlet.MockMvcPrintOnlyOnFailureTestExecutionListener@6175619b, org.springframework.boot.test.autoconfigure.web.servlet.WebDriverTestExecutionListener@2f058b8a, org.springframework.boot.test.autoconfigure.webservices.client.MockWebServiceServerTestExecutionListener@756cf158, org.springframework.boot.test.mock.mockito.ResetMocksTestExecutionListener@3f2ef586]
12:05:49.874 INFO  [main][RegisterTest.logStarting(StartupInfoLogger.java:55)] Starting RegisterTest using Java 17.0.2 on LAPTOP-QLMMS84C with PID 29732 (started by roger in D:\java_project\demo_project)
12:05:49.875 INFO  [main][RegisterTest.logStartupProfileInfo(SpringApplication.java:645)] No active profile set, falling back to 1 default profile: "default"
12:05:50.634 INFO  [main][RepositoryConfigurationDelegate.registerRepositoriesIn(RepositoryConfigurationDelegate.java:132)] Bootstrapping Spring Data JPA repositories in DEFAULT mode.
12:05:50.731 INFO  [main][RepositoryConfigurationDelegate.registerRepositoriesIn(RepositoryConfigurationDelegate.java:201)] Finished Spring Data repository scanning in 89 ms. Found 8 JPA repository interfaces.
12:05:51.376 INFO  [main][HikariDataSource.getConnection(HikariDataSource.java:110)] HikariPool-1 - Starting...
12:05:51.581 INFO  [main][HikariDataSource.getConnection(HikariDataSource.java:123)] HikariPool-1 - Start completed.
12:05:51.811 INFO  [main][LogHelper.logPersistenceUnitInformation(LogHelper.java:31)] HHH000204: Processing PersistenceUnitInfo [name: default]
12:05:51.871 INFO  [main][Version.logVersion(Version.java:44)] HHH000412: Hibernate ORM core version 5.6.11.Final
12:05:52.062 INFO  [main][Version.<clinit>(JavaReflectionManager.java:56)] HCANN000001: Hibernate Commons Annotations {5.1.2.Final}
12:05:52.241 INFO  [main][Dialect.<init>(Dialect.java:175)] HHH000400: Using dialect: org.hibernate.dialect.MySQL8Dialect
12:05:52.479 WARN  [main][RootClass.checkCompositeIdentifier(RootClass.java:287)] HHH000038: Composite-id class does not override equals(): com.example.demo_project.entity.OrgCompanyId
12:05:52.479 WARN  [main][RootClass.checkCompositeIdentifier(RootClass.java:290)] HHH000039: Composite-id class does not override hashCode(): com.example.demo_project.entity.OrgCompanyId
12:05:52.789 INFO  [main][JtaPlatformInitiator.initiateService(JtaPlatformInitiator.java:52)] HHH000490: Using JtaPlatform implementation: [org.hibernate.engine.transaction.jta.platform.internal.NoJtaPlatform]
12:05:52.797 INFO  [main][LocalContainerEntityManagerFactoryBean.buildNativeEntityManagerFactory(AbstractEntityManagerFactoryBean.java:437)] Initialized JPA EntityManagerFactory for persistence unit 'default'
12:05:54.469 WARN  [main][JpaBaseConfiguration$JpaWebConfiguration.openEntityManagerInViewInterceptor(JpaBaseConfiguration.java:219)] spring.jpa.open-in-view is enabled by default. Therefore, database queries may be performed during view rendering. Explicitly configure spring.jpa.open-in-view to disable this warning
12:05:56.327 INFO  [main][RegisterTest.logStarted(StartupInfoLogger.java:61)] Started RegisterTest in 6.707 seconds (JVM running for 8.017)
12:05:56.366 INFO  [main][SpringBootMockServletContext.log(MockServletContext.java:455)] Initializing Spring TestDispatcherServlet ''
12:05:56.366 INFO  [main][TestDispatcherServlet.initServletBean(FrameworkServlet.java:525)] Initializing Servlet ''
12:05:56.367 INFO  [main][TestDispatcherServlet.initServletBean(FrameworkServlet.java:547)] Completed initialization in 1 ms
12:05:56.739 INFO  [SpringApplicationShutdownHook][LocalContainerEntityManagerFactoryBean.destroy(AbstractEntityManagerFactoryBean.java:651)] Closing JPA EntityManagerFactory for persistence unit 'default'
12:05:56.741 INFO  [SpringApplicationShutdownHook][HikariDataSource.close(HikariDataSource.java:350)] HikariPool-1 - Shutdown initiated...
12:05:56.752 INFO  [SpringApplicationShutdownHook][HikariDataSource.close(HikariDataSource.java:352)] HikariPool-1 - Shutdown completed.
12:06:06.355 INFO  [main][SpringBootTestContextBootstrapper.buildDefaultMergedContextConfiguration(AbstractTestContextBootstrapper.java:305)] Neither @ContextConfiguration nor @ContextHierarchy found for test class [com.example.demo_project.RegisterTest], using SpringBootContextLoader
12:06:06.361 INFO  [main][AbstractContextLoader.generateDefaultLocations(AbstractContextLoader.java:264)] Could not detect default resource locations for test class [com.example.demo_project.RegisterTest]: no resource found for suffixes {-context.xml, Context.groovy}.
12:06:06.362 INFO  [main][AnnotationConfigContextLoaderUtils.detectDefaultConfigurationClasses(AnnotationConfigContextLoaderUtils.java:83)] Could not detect default configuration classes for test class [com.example.demo_project.RegisterTest]: RegisterTest does not declare any static, non-private, non-final, nested classes annotated with @Configuration.
12:06:06.460 INFO  [main][SpringBootTestContextBootstrapper.getOrFindConfigurationClasses(SpringBootTestContextBootstrapper.java:238)] Found @SpringBootConfiguration com.example.demo_project.DemoProjectApplication for test class com.example.demo_project.RegisterTest
12:06:06.560 INFO  [main][SpringBootTestContextBootstrapper.getDefaultTestExecutionListenerClassNames(AbstractTestContextBootstrapper.java:245)] Loaded default TestExecutionListener class names from location [META-INF/spring.factories]: [org.springframework.boot.test.autoconfigure.restdocs.RestDocsTestExecutionListener, org.springframework.boot.test.autoconfigure.web.client.MockRestServiceServerResetTestExecutionListener, org.springframework.boot.test.autoconfigure.web.servlet.MockMvcPrintOnlyOnFailureTestExecutionListener, org.springframework.boot.test.autoconfigure.web.servlet.WebDriverTestExecutionListener, org.springframework.boot.test.autoconfigure.webservices.client.MockWebServiceServerTestExecutionListener, org.springframework.boot.test.mock.mockito.MockitoTestExecutionListener, org.springframework.boot.test.mock.mockito.ResetMocksTestExecutionListener, org.springframework.test.context.web.ServletTestExecutionListener, org.springframework.test.context.support.DirtiesContextBeforeModesTestExecutionListener, org.springframework.test.context.event.ApplicationEventsTestExecutionListener, org.springframework.test.context.support.DependencyInjectionTestExecutionListener, org.springframework.test.context.support.DirtiesContextTestExecutionListener, org.springframework.test.context.transaction.TransactionalTestExecutionListener, org.springframework.test.context.jdbc.SqlScriptsTestExecutionListener, org.springframework.test.context.event.EventPublishingTestExecutionListener]
12:06:06.576 INFO  [main][SpringBootTestContextBootstrapper.getTestExecutionListeners(AbstractTestContextBootstrapper.java:174)] Using TestExecutionListeners: [org.springframework.test.context.web.ServletTestExecutionListener@72bd06ca, org.springframework.test.context.support.DirtiesContextBeforeModesTestExecutionListener@89c10b7, org.springframework.test.context.event.ApplicationEventsTestExecutionListener@5dbe30be, org.springframework.boot.test.mock.mockito.MockitoTestExecutionListener@4fe89c24, org.springframework.boot.test.autoconfigure.SpringBootDependencyInjectionTestExecutionListener@55795845, org.springframework.test.context.support.DirtiesContextTestExecutionListener@3d08f3f5, org.springframework.test.context.transaction.TransactionalTestExecutionListener@119f1f2a, org.springframework.test.context.jdbc.SqlScriptsTestExecutionListener@1a1da881, org.springframework.test.context.event.EventPublishingTestExecutionListener@5b970f7, org.springframework.boot.test.autoconfigure.restdocs.RestDocsTestExecutionListener@7fd4acee, org.springframework.boot.test.autoconfigure.web.client.MockRestServiceServerResetTestExecutionListener@165b8a71, org.springframework.boot.test.autoconfigure.web.servlet.MockMvcPrintOnlyOnFailureTestExecutionListener@6175619b, org.springframework.boot.test.autoconfigure.web.servlet.WebDriverTestExecutionListener@2f058b8a, org.springframework.boot.test.autoconfigure.webservices.client.MockWebServiceServerTestExecutionListener@756cf158, org.springframework.boot.test.mock.mockito.ResetMocksTestExecutionListener@3f2ef586]
12:06:06.864 INFO  [main][RegisterTest.logStarting(StartupInfoLogger.java:55)] Starting RegisterTest using Java 17.0.2 on LAPTOP-QLMMS84C with PID 35560 (started by roger in D:\java_project\demo_project)
12:06:06.865 INFO  [main][RegisterTest.logStartupProfileInfo(SpringApplication.java:645)] No active profile set, falling back to 1 default profile: "default"
12:06:07.580 INFO  [main][RepositoryConfigurationDelegate.registerRepositoriesIn(RepositoryConfigurationDelegate.java:132)] Bootstrapping Spring Data JPA repositories in DEFAULT mode.
12:06:07.675 INFO  [main][RepositoryConfigurationDelegate.registerRepositoriesIn(RepositoryConfigurationDelegate.java:201)] Finished Spring Data repository scanning in 86 ms. Found 8 JPA repository interfaces.
12:06:08.298 INFO  [main][HikariDataSource.getConnection(HikariDataSource.java:110)] HikariPool-1 - Starting...
12:06:08.515 INFO  [main][HikariDataSource.getConnection(HikariDataSource.java:123)] HikariPool-1 - Start completed.
12:06:08.741 INFO  [main][LogHelper.logPersistenceUnitInformation(LogHelper.java:31)] HHH000204: Processing PersistenceUnitInfo [name: default]
12:06:08.798 INFO  [main][Version.logVersion(Version.java:44)] HHH000412: Hibernate ORM core version 5.6.11.Final
12:06:08.980 INFO  [main][Version.<clinit>(JavaReflectionManager.java:56)] HCANN000001: Hibernate Commons Annotations {5.1.2.Final}
12:06:09.150 INFO  [main][Dialect.<init>(Dialect.java:175)] HHH000400: Using dialect: org.hibernate.dialect.MySQL8Dialect
12:06:09.370 WARN  [main][RootClass.checkCompositeIdentifier(RootClass.java:287)] HHH000038: Composite-id class does not override equals(): com.example.demo_project.entity.OrgCompanyId
12:06:09.370 WARN  [main][RootClass.checkCompositeIdentifier(RootClass.java:290)] HHH000039: Composite-id class does not override hashCode(): com.example.demo_project.entity.OrgCompanyId
12:06:09.677 INFO  [main][JtaPlatformInitiator.initiateService(JtaPlatformInitiator.java:52)] HHH000490: Using JtaPlatform implementation: [org.hibernate.engine.transaction.jta.platform.internal.NoJtaPlatform]
12:06:09.685 INFO  [main][LocalContainerEntityManagerFactoryBean.buildNativeEntityManagerFactory(AbstractEntityManagerFactoryBean.java:437)] Initialized JPA EntityManagerFactory for persistence unit 'default'
12:06:11.351 WARN  [main][JpaBaseConfiguration$JpaWebConfiguration.openEntityManagerInViewInterceptor(JpaBaseConfiguration.java:219)] spring.jpa.open-in-view is enabled by default. Therefore, database queries may be performed during view rendering. Explicitly configure spring.jpa.open-in-view to disable this warning
12:06:13.487 INFO  [main][RegisterTest.logStarted(StartupInfoLogger.java:61)] Started RegisterTest in 6.883 seconds (JVM running for 8.084)
12:06:13.529 INFO  [main][SpringBootMockServletContext.log(MockServletContext.java:455)] Initializing Spring TestDispatcherServlet ''
12:06:13.530 INFO  [main][TestDispatcherServlet.initServletBean(FrameworkServlet.java:525)] Initializing Servlet ''
12:06:13.531 INFO  [main][TestDispatcherServlet.initServletBean(FrameworkServlet.java:547)] Completed initialization in 1 ms
12:06:13.999 INFO  [SpringApplicationShutdownHook][LocalContainerEntityManagerFactoryBean.destroy(AbstractEntityManagerFactoryBean.java:651)] Closing JPA EntityManagerFactory for persistence unit 'default'
12:06:14.002 INFO  [SpringApplicationShutdownHook][HikariDataSource.close(HikariDataSource.java:350)] HikariPool-1 - Shutdown initiated...
12:06:14.017 INFO  [SpringApplicationShutdownHook][HikariDataSource.close(HikariDataSource.java:352)] HikariPool-1 - Shutdown completed.
12:18:34.651 INFO  [main][SpringBootTestContextBootstrapper.buildDefaultMergedContextConfiguration(AbstractTestContextBootstrapper.java:305)] Neither @ContextConfiguration nor @ContextHierarchy found for test class [com.example.demo_project.RegisterTest], using SpringBootContextLoader
12:18:34.657 INFO  [main][AbstractContextLoader.generateDefaultLocations(AbstractContextLoader.java:264)] Could not detect default resource locations for test class [com.example.demo_project.RegisterTest]: no resource found for suffixes {-context.xml, Context.groovy}.
12:18:34.658 INFO  [main][AnnotationConfigContextLoaderUtils.detectDefaultConfigurationClasses(AnnotationConfigContextLoaderUtils.java:83)] Could not detect default configuration classes for test class [com.example.demo_project.RegisterTest]: RegisterTest does not declare any static, non-private, non-final, nested classes annotated with @Configuration.
12:18:34.761 INFO  [main][SpringBootTestContextBootstrapper.getOrFindConfigurationClasses(SpringBootTestContextBootstrapper.java:238)] Found @SpringBootConfiguration com.example.demo_project.DemoProjectApplication for test class com.example.demo_project.RegisterTest
12:18:34.849 INFO  [main][SpringBootTestContextBootstrapper.getDefaultTestExecutionListenerClassNames(AbstractTestContextBootstrapper.java:245)] Loaded default TestExecutionListener class names from location [META-INF/spring.factories]: [org.springframework.boot.test.autoconfigure.restdocs.RestDocsTestExecutionListener, org.springframework.boot.test.autoconfigure.web.client.MockRestServiceServerResetTestExecutionListener, org.springframework.boot.test.autoconfigure.web.servlet.MockMvcPrintOnlyOnFailureTestExecutionListener, org.springframework.boot.test.autoconfigure.web.servlet.WebDriverTestExecutionListener, org.springframework.boot.test.autoconfigure.webservices.client.MockWebServiceServerTestExecutionListener, org.springframework.boot.test.mock.mockito.MockitoTestExecutionListener, org.springframework.boot.test.mock.mockito.ResetMocksTestExecutionListener, org.springframework.test.context.web.ServletTestExecutionListener, org.springframework.test.context.support.DirtiesContextBeforeModesTestExecutionListener, org.springframework.test.context.event.ApplicationEventsTestExecutionListener, org.springframework.test.context.support.DependencyInjectionTestExecutionListener, org.springframework.test.context.support.DirtiesContextTestExecutionListener, org.springframework.test.context.transaction.TransactionalTestExecutionListener, org.springframework.test.context.jdbc.SqlScriptsTestExecutionListener, org.springframework.test.context.event.EventPublishingTestExecutionListener]
12:18:34.866 INFO  [main][SpringBootTestContextBootstrapper.getTestExecutionListeners(AbstractTestContextBootstrapper.java:174)] Using TestExecutionListeners: [org.springframework.test.context.web.ServletTestExecutionListener@72bd06ca, org.springframework.test.context.support.DirtiesContextBeforeModesTestExecutionListener@89c10b7, org.springframework.test.context.event.ApplicationEventsTestExecutionListener@5dbe30be, org.springframework.boot.test.mock.mockito.MockitoTestExecutionListener@4fe89c24, org.springframework.boot.test.autoconfigure.SpringBootDependencyInjectionTestExecutionListener@55795845, org.springframework.test.context.support.DirtiesContextTestExecutionListener@3d08f3f5, org.springframework.test.context.transaction.TransactionalTestExecutionListener@119f1f2a, org.springframework.test.context.jdbc.SqlScriptsTestExecutionListener@1a1da881, org.springframework.test.context.event.EventPublishingTestExecutionListener@5b970f7, org.springframework.boot.test.autoconfigure.restdocs.RestDocsTestExecutionListener@7fd4acee, org.springframework.boot.test.autoconfigure.web.client.MockRestServiceServerResetTestExecutionListener@165b8a71, org.springframework.boot.test.autoconfigure.web.servlet.MockMvcPrintOnlyOnFailureTestExecutionListener@6175619b, org.springframework.boot.test.autoconfigure.web.servlet.WebDriverTestExecutionListener@2f058b8a, org.springframework.boot.test.autoconfigure.webservices.client.MockWebServiceServerTestExecutionListener@756cf158, org.springframework.boot.test.mock.mockito.ResetMocksTestExecutionListener@3f2ef586]
12:18:35.172 INFO  [main][RegisterTest.logStarting(StartupInfoLogger.java:55)] Starting RegisterTest using Java 17.0.2 on LAPTOP-QLMMS84C with PID 35356 (started by roger in D:\java_project\demo_project)
12:18:35.173 INFO  [main][RegisterTest.logStartupProfileInfo(SpringApplication.java:645)] No active profile set, falling back to 1 default profile: "default"
12:18:35.862 INFO  [main][RepositoryConfigurationDelegate.registerRepositoriesIn(RepositoryConfigurationDelegate.java:132)] Bootstrapping Spring Data JPA repositories in DEFAULT mode.
12:18:35.955 INFO  [main][RepositoryConfigurationDelegate.registerRepositoriesIn(RepositoryConfigurationDelegate.java:201)] Finished Spring Data repository scanning in 85 ms. Found 8 JPA repository interfaces.
12:18:36.600 INFO  [main][HikariDataSource.getConnection(HikariDataSource.java:110)] HikariPool-1 - Starting...
12:18:36.826 INFO  [main][HikariDataSource.getConnection(HikariDataSource.java:123)] HikariPool-1 - Start completed.
12:18:37.047 INFO  [main][LogHelper.logPersistenceUnitInformation(LogHelper.java:31)] HHH000204: Processing PersistenceUnitInfo [name: default]
12:18:37.107 INFO  [main][Version.logVersion(Version.java:44)] HHH000412: Hibernate ORM core version 5.6.11.Final
12:18:37.295 INFO  [main][Version.<clinit>(JavaReflectionManager.java:56)] HCANN000001: Hibernate Commons Annotations {5.1.2.Final}
12:18:37.480 INFO  [main][Dialect.<init>(Dialect.java:175)] HHH000400: Using dialect: org.hibernate.dialect.MySQL8Dialect
12:18:37.747 WARN  [main][RootClass.checkCompositeIdentifier(RootClass.java:287)] HHH000038: Composite-id class does not override equals(): com.example.demo_project.entity.OrgCompanyId
12:18:37.748 WARN  [main][RootClass.checkCompositeIdentifier(RootClass.java:290)] HHH000039: Composite-id class does not override hashCode(): com.example.demo_project.entity.OrgCompanyId
12:18:38.062 INFO  [main][JtaPlatformInitiator.initiateService(JtaPlatformInitiator.java:52)] HHH000490: Using JtaPlatform implementation: [org.hibernate.engine.transaction.jta.platform.internal.NoJtaPlatform]
12:18:38.070 INFO  [main][LocalContainerEntityManagerFactoryBean.buildNativeEntityManagerFactory(AbstractEntityManagerFactoryBean.java:437)] Initialized JPA EntityManagerFactory for persistence unit 'default'
12:18:39.939 WARN  [main][JpaBaseConfiguration$JpaWebConfiguration.openEntityManagerInViewInterceptor(JpaBaseConfiguration.java:219)] spring.jpa.open-in-view is enabled by default. Therefore, database queries may be performed during view rendering. Explicitly configure spring.jpa.open-in-view to disable this warning
12:18:41.682 INFO  [main][RegisterTest.logStarted(StartupInfoLogger.java:61)] Started RegisterTest in 6.786 seconds (JVM running for 7.953)
12:18:41.716 INFO  [main][SpringBootMockServletContext.log(MockServletContext.java:455)] Initializing Spring TestDispatcherServlet ''
12:18:41.717 INFO  [main][TestDispatcherServlet.initServletBean(FrameworkServlet.java:525)] Initializing Servlet ''
12:18:41.718 INFO  [main][TestDispatcherServlet.initServletBean(FrameworkServlet.java:547)] Completed initialization in 1 ms
12:18:42.092 INFO  [SpringApplicationShutdownHook][LocalContainerEntityManagerFactoryBean.destroy(AbstractEntityManagerFactoryBean.java:651)] Closing JPA EntityManagerFactory for persistence unit 'default'
12:18:42.094 INFO  [SpringApplicationShutdownHook][HikariDataSource.close(HikariDataSource.java:350)] HikariPool-1 - Shutdown initiated...
12:18:42.104 INFO  [SpringApplicationShutdownHook][HikariDataSource.close(HikariDataSource.java:352)] HikariPool-1 - Shutdown completed.
12:24:09.540 INFO  [main][SpringBootTestContextBootstrapper.buildDefaultMergedContextConfiguration(AbstractTestContextBootstrapper.java:305)] Neither @ContextConfiguration nor @ContextHierarchy found for test class [com.example.demo_project.RegisterTest], using SpringBootContextLoader
12:24:09.548 INFO  [main][AbstractContextLoader.generateDefaultLocations(AbstractContextLoader.java:264)] Could not detect default resource locations for test class [com.example.demo_project.RegisterTest]: no resource found for suffixes {-context.xml, Context.groovy}.
12:24:09.550 INFO  [main][AnnotationConfigContextLoaderUtils.detectDefaultConfigurationClasses(AnnotationConfigContextLoaderUtils.java:83)] Could not detect default configuration classes for test class [com.example.demo_project.RegisterTest]: RegisterTest does not declare any static, non-private, non-final, nested classes annotated with @Configuration.
12:24:09.647 INFO  [main][SpringBootTestContextBootstrapper.getOrFindConfigurationClasses(SpringBootTestContextBootstrapper.java:238)] Found @SpringBootConfiguration com.example.demo_project.DemoProjectApplication for test class com.example.demo_project.RegisterTest
12:24:09.745 INFO  [main][SpringBootTestContextBootstrapper.getDefaultTestExecutionListenerClassNames(AbstractTestContextBootstrapper.java:245)] Loaded default TestExecutionListener class names from location [META-INF/spring.factories]: [org.springframework.boot.test.autoconfigure.restdocs.RestDocsTestExecutionListener, org.springframework.boot.test.autoconfigure.web.client.MockRestServiceServerResetTestExecutionListener, org.springframework.boot.test.autoconfigure.web.servlet.MockMvcPrintOnlyOnFailureTestExecutionListener, org.springframework.boot.test.autoconfigure.web.servlet.WebDriverTestExecutionListener, org.springframework.boot.test.autoconfigure.webservices.client.MockWebServiceServerTestExecutionListener, org.springframework.boot.test.mock.mockito.MockitoTestExecutionListener, org.springframework.boot.test.mock.mockito.ResetMocksTestExecutionListener, org.springframework.test.context.web.ServletTestExecutionListener, org.springframework.test.context.support.DirtiesContextBeforeModesTestExecutionListener, org.springframework.test.context.event.ApplicationEventsTestExecutionListener, org.springframework.test.context.support.DependencyInjectionTestExecutionListener, org.springframework.test.context.support.DirtiesContextTestExecutionListener, org.springframework.test.context.transaction.TransactionalTestExecutionListener, org.springframework.test.context.jdbc.SqlScriptsTestExecutionListener, org.springframework.test.context.event.EventPublishingTestExecutionListener]
12:24:09.762 INFO  [main][SpringBootTestContextBootstrapper.getTestExecutionListeners(AbstractTestContextBootstrapper.java:174)] Using TestExecutionListeners: [org.springframework.test.context.web.ServletTestExecutionListener@72bd06ca, org.springframework.test.context.support.DirtiesContextBeforeModesTestExecutionListener@89c10b7, org.springframework.test.context.event.ApplicationEventsTestExecutionListener@5dbe30be, org.springframework.boot.test.mock.mockito.MockitoTestExecutionListener@4fe89c24, org.springframework.boot.test.autoconfigure.SpringBootDependencyInjectionTestExecutionListener@55795845, org.springframework.test.context.support.DirtiesContextTestExecutionListener@3d08f3f5, org.springframework.test.context.transaction.TransactionalTestExecutionListener@119f1f2a, org.springframework.test.context.jdbc.SqlScriptsTestExecutionListener@1a1da881, org.springframework.test.context.event.EventPublishingTestExecutionListener@5b970f7, org.springframework.boot.test.autoconfigure.restdocs.RestDocsTestExecutionListener@7fd4acee, org.springframework.boot.test.autoconfigure.web.client.MockRestServiceServerResetTestExecutionListener@165b8a71, org.springframework.boot.test.autoconfigure.web.servlet.MockMvcPrintOnlyOnFailureTestExecutionListener@6175619b, org.springframework.boot.test.autoconfigure.web.servlet.WebDriverTestExecutionListener@2f058b8a, org.springframework.boot.test.autoconfigure.webservices.client.MockWebServiceServerTestExecutionListener@756cf158, org.springframework.boot.test.mock.mockito.ResetMocksTestExecutionListener@3f2ef586]
12:24:10.063 INFO  [main][RegisterTest.logStarting(StartupInfoLogger.java:55)] Starting RegisterTest using Java 17.0.2 on LAPTOP-QLMMS84C with PID 33952 (started by roger in D:\java_project\demo_project)
12:24:10.064 INFO  [main][RegisterTest.logStartupProfileInfo(SpringApplication.java:645)] No active profile set, falling back to 1 default profile: "default"
12:24:10.746 INFO  [main][RepositoryConfigurationDelegate.registerRepositoriesIn(RepositoryConfigurationDelegate.java:132)] Bootstrapping Spring Data JPA repositories in DEFAULT mode.
12:24:10.829 INFO  [main][RepositoryConfigurationDelegate.registerRepositoriesIn(RepositoryConfigurationDelegate.java:201)] Finished Spring Data repository scanning in 74 ms. Found 8 JPA repository interfaces.
12:24:11.446 INFO  [main][HikariDataSource.getConnection(HikariDataSource.java:110)] HikariPool-1 - Starting...
12:24:11.649 INFO  [main][HikariDataSource.getConnection(HikariDataSource.java:123)] HikariPool-1 - Start completed.
12:24:11.883 INFO  [main][LogHelper.logPersistenceUnitInformation(LogHelper.java:31)] HHH000204: Processing PersistenceUnitInfo [name: default]
12:24:11.944 INFO  [main][Version.logVersion(Version.java:44)] HHH000412: Hibernate ORM core version 5.6.11.Final
12:24:12.128 INFO  [main][Version.<clinit>(JavaReflectionManager.java:56)] HCANN000001: Hibernate Commons Annotations {5.1.2.Final}
12:24:12.305 INFO  [main][Dialect.<init>(Dialect.java:175)] HHH000400: Using dialect: org.hibernate.dialect.MySQL8Dialect
12:24:12.577 WARN  [main][RootClass.checkCompositeIdentifier(RootClass.java:287)] HHH000038: Composite-id class does not override equals(): com.example.demo_project.entity.OrgCompanyId
12:24:12.578 WARN  [main][RootClass.checkCompositeIdentifier(RootClass.java:290)] HHH000039: Composite-id class does not override hashCode(): com.example.demo_project.entity.OrgCompanyId
12:24:12.901 INFO  [main][JtaPlatformInitiator.initiateService(JtaPlatformInitiator.java:52)] HHH000490: Using JtaPlatform implementation: [org.hibernate.engine.transaction.jta.platform.internal.NoJtaPlatform]
12:24:12.911 INFO  [main][LocalContainerEntityManagerFactoryBean.buildNativeEntityManagerFactory(AbstractEntityManagerFactoryBean.java:437)] Initialized JPA EntityManagerFactory for persistence unit 'default'
12:24:14.825 WARN  [main][JpaBaseConfiguration$JpaWebConfiguration.openEntityManagerInViewInterceptor(JpaBaseConfiguration.java:219)] spring.jpa.open-in-view is enabled by default. Therefore, database queries may be performed during view rendering. Explicitly configure spring.jpa.open-in-view to disable this warning
12:24:16.771 INFO  [main][RegisterTest.logStarted(StartupInfoLogger.java:61)] Started RegisterTest in 6.981 seconds (JVM running for 8.169)
12:24:16.807 INFO  [main][SpringBootMockServletContext.log(MockServletContext.java:455)] Initializing Spring TestDispatcherServlet ''
12:24:16.807 INFO  [main][TestDispatcherServlet.initServletBean(FrameworkServlet.java:525)] Initializing Servlet ''
12:24:16.809 INFO  [main][TestDispatcherServlet.initServletBean(FrameworkServlet.java:547)] Completed initialization in 0 ms
12:24:17.122 INFO  [SpringApplicationShutdownHook][LocalContainerEntityManagerFactoryBean.destroy(AbstractEntityManagerFactoryBean.java:651)] Closing JPA EntityManagerFactory for persistence unit 'default'
12:24:17.125 INFO  [SpringApplicationShutdownHook][HikariDataSource.close(HikariDataSource.java:350)] HikariPool-1 - Shutdown initiated...
12:24:17.136 INFO  [SpringApplicationShutdownHook][HikariDataSource.close(HikariDataSource.java:352)] HikariPool-1 - Shutdown completed.
